  [1m[35m (791.3ms)[0m  [1m[35mCREATE DATABASE "ninety-nine-cats_development" ENCODING = 'unicode'[0m
  ↳ /usr/local/lib/site_ruby/2.5.0/rubygems/core_ext/kernel_require.rb:54
  [1m[35m (864.7ms)[0m  [1m[35mCREATE DATABASE "ninety-nine-cats_test" ENCODING = 'unicode'[0m
  ↳ /usr/local/lib/site_ruby/2.5.0/rubygems/core_ext/kernel_require.rb:54
  [1m[35m (138.3ms)[0m  [1m[35mCREATE TABLE "schema_migrations" ("version" character varying NOT NULL PRIMARY KEY)[0m
  ↳ /usr/local/lib/site_ruby/2.5.0/rubygems/core_ext/kernel_require.rb:54
  [1m[35m (115.1ms)[0m  [1m[35mCREATE TABLE "ar_internal_metadata" ("key" character varying NOT NULL PRIMARY KEY, "value" character varying, "created_at" timestamp NOT NULL, "updated_at" timestamp NOT NULL)[0m
  ↳ /usr/local/lib/site_ruby/2.5.0/rubygems/core_ext/kernel_require.rb:54
  [1m[35m (0.2ms)[0m  [1m[34mSELECT pg_try_advisory_lock(3342307579543264920)[0m
  ↳ /usr/local/lib/site_ruby/2.5.0/rubygems/core_ext/kernel_require.rb:54
  [1m[35m (0.4ms)[0m  [1m[34mSELECT "schema_migrations"."version" FROM "schema_migrations" ORDER BY "schema_migrations"."version" ASC[0m
  ↳ /usr/local/lib/site_ruby/2.5.0/rubygems/core_ext/kernel_require.rb:54
Migrating to CreateCats (20190724200424)
  [1m[35m (0.1ms)[0m  [1m[35mBEGIN[0m
  ↳ /usr/local/lib/site_ruby/2.5.0/rubygems/core_ext/kernel_require.rb:54
  [1m[35m (146.6ms)[0m  [1m[35mCREATE TABLE "cats" ("id" bigserial primary key, "birth_date" date NOT NULL, "color" character varying NOT NULL, "name" character varying NOT NULL, "sex" character varying NOT NULL, "description" text NOT NULL, "created_at" timestamp NOT NULL, "updated_at" timestamp NOT NULL)[0m
  ↳ db/migrate/20190724200424_create_cats.rb:3
  [1m[36mActiveRecord::SchemaMigration Create (0.3ms)[0m  [1m[32mINSERT INTO "schema_migrations" ("version") VALUES ($1) RETURNING "version"[0m  [["version", "20190724200424"]]
  ↳ /usr/local/lib/site_ruby/2.5.0/rubygems/core_ext/kernel_require.rb:54
  [1m[35m (14.5ms)[0m  [1m[35mCOMMIT[0m
  ↳ /usr/local/lib/site_ruby/2.5.0/rubygems/core_ext/kernel_require.rb:54
  [1m[36mActiveRecord::InternalMetadata Load (0.2ms)[0m  [1m[34mSELECT  "ar_internal_metadata".* FROM "ar_internal_metadata" WHERE "ar_internal_metadata"."key" = $1 LIMIT $2[0m  [["key", "environment"], ["LIMIT", 1]]
  ↳ /usr/local/lib/site_ruby/2.5.0/rubygems/core_ext/kernel_require.rb:54
  [1m[35m (0.1ms)[0m  [1m[35mBEGIN[0m
  ↳ /usr/local/lib/site_ruby/2.5.0/rubygems/core_ext/kernel_require.rb:54
  [1m[36mActiveRecord::InternalMetadata Create (0.4ms)[0m  [1m[32mINSERT INTO "ar_internal_metadata" ("key", "value", "created_at", "updated_at") VALUES ($1, $2, $3, $4) RETURNING "key"[0m  [["key", "environment"], ["value", "development"], ["created_at", "2019-07-24 20:10:07.100683"], ["updated_at", "2019-07-24 20:10:07.100683"]]
  ↳ /usr/local/lib/site_ruby/2.5.0/rubygems/core_ext/kernel_require.rb:54
  [1m[35m (58.4ms)[0m  [1m[35mCOMMIT[0m
  ↳ /usr/local/lib/site_ruby/2.5.0/rubygems/core_ext/kernel_require.rb:54
  [1m[35m (0.3ms)[0m  [1m[34mSELECT pg_advisory_unlock(3342307579543264920)[0m
  ↳ /usr/local/lib/site_ruby/2.5.0/rubygems/core_ext/kernel_require.rb:54
  [1m[35m (0.2ms)[0m  [1m[34mSELECT "schema_migrations"."version" FROM "schema_migrations" ORDER BY "schema_migrations"."version" ASC[0m
  ↳ /usr/local/lib/site_ruby/2.5.0/rubygems/core_ext/kernel_require.rb:54
  [1m[35m (579.2ms)[0m  [1m[35mCREATE DATABASE "ninety-nine-cats_development" ENCODING = 'unicode'[0m
  ↳ /Users/commandcenter/.rbenv/versions/2.5.1/bin/rails:23
  [1m[35m (450.6ms)[0m  [1m[35mCREATE DATABASE "ninety-nine-cats_test" ENCODING = 'unicode'[0m
  ↳ /Users/commandcenter/.rbenv/versions/2.5.1/bin/rails:23
Started GET "/cats" for ::1 at 2019-07-24 15:51:22 -0500

ActiveRecord::PendingMigrationError - Migrations are pending. To resolve this issue, run:

        bin/rails db:migrate RAILS_ENV=development

:

Started GET "/cats" for ::1 at 2019-07-24 15:52:38 -0500

ActiveRecord::PendingMigrationError - Migrations are pending. To resolve this issue, run:

        bin/rails db:migrate RAILS_ENV=development

:

  [1m[35m (41.5ms)[0m  [1m[35mCREATE TABLE "schema_migrations" ("version" character varying NOT NULL PRIMARY KEY)[0m
  ↳ /Users/commandcenter/.rbenv/versions/2.5.1/bin/rails:23
  [1m[35m (5.9ms)[0m  [1m[35mCREATE TABLE "ar_internal_metadata" ("key" character varying NOT NULL PRIMARY KEY, "value" character varying, "created_at" timestamp NOT NULL, "updated_at" timestamp NOT NULL)[0m
  ↳ /Users/commandcenter/.rbenv/versions/2.5.1/bin/rails:23
  [1m[35m (1.2ms)[0m  [1m[34mSELECT pg_try_advisory_lock(3342307579543264920)[0m
  ↳ /Users/commandcenter/.rbenv/versions/2.5.1/bin/rails:23
  [1m[35m (1.2ms)[0m  [1m[34mSELECT "schema_migrations"."version" FROM "schema_migrations" ORDER BY "schema_migrations"."version" ASC[0m
  ↳ /Users/commandcenter/.rbenv/versions/2.5.1/bin/rails:23
Migrating to CreateCats (20190724200424)
  [1m[35m (0.1ms)[0m  [1m[35mBEGIN[0m
  ↳ /Users/commandcenter/.rbenv/versions/2.5.1/bin/rails:23
  [1m[35m (11.2ms)[0m  [1m[35mCREATE TABLE "cats" ("id" bigserial primary key, "birth_date" date NOT NULL, "color" character varying NOT NULL, "name" character varying NOT NULL, "sex" character varying NOT NULL, "description" text NOT NULL, "created_at" timestamp NOT NULL, "updated_at" timestamp NOT NULL)[0m
  ↳ db/migrate/20190724200424_create_cats.rb:3
  [1m[36mActiveRecord::SchemaMigration Create (0.5ms)[0m  [1m[32mINSERT INTO "schema_migrations" ("version") VALUES ($1) RETURNING "version"[0m  [["version", "20190724200424"]]
  ↳ /Users/commandcenter/.rbenv/versions/2.5.1/bin/rails:23
  [1m[35m (1.5ms)[0m  [1m[35mCOMMIT[0m
  ↳ /Users/commandcenter/.rbenv/versions/2.5.1/bin/rails:23
  [1m[36mActiveRecord::InternalMetadata Load (0.4ms)[0m  [1m[34mSELECT  "ar_internal_metadata".* FROM "ar_internal_metadata" WHERE "ar_internal_metadata"."key" = $1 LIMIT $2[0m  [["key", "environment"], ["LIMIT", 1]]
  ↳ /Users/commandcenter/.rbenv/versions/2.5.1/bin/rails:23
  [1m[35m (0.1ms)[0m  [1m[35mBEGIN[0m
  ↳ /Users/commandcenter/.rbenv/versions/2.5.1/bin/rails:23
  [1m[36mActiveRecord::InternalMetadata Create (5.2ms)[0m  [1m[32mINSERT INTO "ar_internal_metadata" ("key", "value", "created_at", "updated_at") VALUES ($1, $2, $3, $4) RETURNING "key"[0m  [["key", "environment"], ["value", "development"], ["created_at", "2019-07-24 20:52:54.533908"], ["updated_at", "2019-07-24 20:52:54.533908"]]
  ↳ /Users/commandcenter/.rbenv/versions/2.5.1/bin/rails:23
  [1m[35m (0.3ms)[0m  [1m[35mCOMMIT[0m
  ↳ /Users/commandcenter/.rbenv/versions/2.5.1/bin/rails:23
  [1m[35m (0.2ms)[0m  [1m[34mSELECT pg_advisory_unlock(3342307579543264920)[0m
  ↳ /Users/commandcenter/.rbenv/versions/2.5.1/bin/rails:23
  [1m[35m (0.3ms)[0m  [1m[34mSELECT "schema_migrations"."version" FROM "schema_migrations" ORDER BY "schema_migrations"."version" ASC[0m
  ↳ /Users/commandcenter/.rbenv/versions/2.5.1/bin/rails:23
Started GET "/cats" for ::1 at 2019-07-24 15:53:03 -0500
  [1m[35m (1.0ms)[0m  [1m[34mSELECT "schema_migrations"."version" FROM "schema_migrations" ORDER BY "schema_migrations"."version" ASC[0m
  ↳ /Users/commandcenter/.rbenv/versions/2.5.1/lib/ruby/gems/2.5.0/gems/activerecord-5.2.3/lib/active_record/log_subscriber.rb:98

SyntaxError - syntax error, unexpected ':', expecting keyword_end
        render: show
              ^:
  app/controllers/cats_controller.rb:9:in `'

Started GET "/cats" for ::1 at 2019-07-24 15:53:28 -0500
Processing by CatsController#index as */*
Completed 500 Internal Server Error in 14ms (ActiveRecord: 0.0ms)



NameError - uninitialized constant CatsController::Cat:
  app/controllers/cats_controller.rb:3:in `index'

Started GET "/cats" for ::1 at 2019-07-24 15:54:53 -0500
Processing by CatsController#index as */*
Completed 500 Internal Server Error in 3ms (ActiveRecord: 0.0ms)



NameError - uninitialized constant CatsController::Cat:
  app/controllers/cats_controller.rb:3:in `index'

Started GET "/cats" for ::1 at 2019-07-24 15:56:25 -0500
Processing by CatsController#index as */*
Completed 500 Internal Server Error in 4ms (ActiveRecord: 0.0ms)



NameError - uninitialized constant CatsController::Cat:
  app/controllers/cats_controller.rb:3:in `index'

Started GET "/cats" for ::1 at 2019-07-24 15:57:28 -0500
Processing by CatsController#index as */*
Completed 500 Internal Server Error in 3ms (ActiveRecord: 0.0ms)



NameError - uninitialized constant CatsController::Cat:
  app/controllers/cats_controller.rb:3:in `index'

Started GET "/cats" for ::1 at 2019-07-24 15:57:53 -0500
Processing by CatsController#index as */*
Completed 500 Internal Server Error in 3ms (ActiveRecord: 0.0ms)



NameError - uninitialized constant CatsController::Cat:
  app/controllers/cats_controller.rb:3:in `index'

Started GET "/cats" for ::1 at 2019-07-24 15:58:38 -0500
Processing by CatsController#index as */*
Completed 500 Internal Server Error in 3ms (ActiveRecord: 0.0ms)



NameError - uninitialized constant CatsController::Cat:
  app/controllers/cats_controller.rb:4:in `index'

Started GET "/cat" for ::1 at 2019-07-24 15:59:13 -0500
  
ActionController::RoutingError (No route matches [GET] "/cat"):
  
actionpack (5.2.3) lib/action_dispatch/middleware/debug_exceptions.rb:65:in `call'
web-console (3.7.0) lib/web_console/middleware.rb:135:in `call_app'
web-console (3.7.0) lib/web_console/middleware.rb:30:in `block in call'
web-console (3.7.0) lib/web_console/middleware.rb:20:in `catch'
web-console (3.7.0) lib/web_console/middleware.rb:20:in `call'
actionpack (5.2.3) lib/action_dispatch/middleware/show_exceptions.rb:33:in `call'
railties (5.2.3) lib/rails/rack/logger.rb:38:in `call_app'
railties (5.2.3) lib/rails/rack/logger.rb:26:in `block in call'
activesupport (5.2.3) lib/active_support/tagged_logging.rb:71:in `block in tagged'
activesupport (5.2.3) lib/active_support/tagged_logging.rb:28:in `tagged'
activesupport (5.2.3) lib/active_support/tagged_logging.rb:71:in `tagged'
railties (5.2.3) lib/rails/rack/logger.rb:26:in `call'
sprockets-rails (3.2.1) lib/sprockets/rails/quiet_assets.rb:13:in `call'
actionpack (5.2.3) lib/action_dispatch/middleware/remote_ip.rb:81:in `call'
actionpack (5.2.3) lib/action_dispatch/middleware/request_id.rb:27:in `call'
rack (2.0.7) lib/rack/method_override.rb:22:in `call'
rack (2.0.7) lib/rack/runtime.rb:22:in `call'
activesupport (5.2.3) lib/active_support/cache/strategy/local_cache_middleware.rb:29:in `call'
actionpack (5.2.3) lib/action_dispatch/middleware/executor.rb:14:in `call'
actionpack (5.2.3) lib/action_dispatch/middleware/static.rb:127:in `call'
rack (2.0.7) lib/rack/sendfile.rb:111:in `call'
railties (5.2.3) lib/rails/engine.rb:524:in `call'
puma (3.12.1) lib/puma/configuration.rb:227:in `call'
puma (3.12.1) lib/puma/server.rb:660:in `handle_request'
puma (3.12.1) lib/puma/server.rb:474:in `process_client'
puma (3.12.1) lib/puma/server.rb:334:in `block in run'
puma (3.12.1) lib/puma/thread_pool.rb:135:in `block in spawn_thread'
  [1m[35m (1.2ms)[0m  [1m[34mSELECT "schema_migrations"."version" FROM "schema_migrations" ORDER BY "schema_migrations"."version" ASC[0m
  ↳ /Users/commandcenter/.rbenv/versions/2.5.1/bin/annotate:23
Started GET "/cat" for ::1 at 2019-07-24 16:02:23 -0500
  [1m[35m (0.8ms)[0m  [1m[34mSELECT "schema_migrations"."version" FROM "schema_migrations" ORDER BY "schema_migrations"."version" ASC[0m
  ↳ /Users/commandcenter/.rbenv/versions/2.5.1/lib/ruby/gems/2.5.0/gems/activerecord-5.2.3/lib/active_record/log_subscriber.rb:98
  
ActionController::RoutingError (No route matches [GET] "/cat"):
  
actionpack (5.2.3) lib/action_dispatch/middleware/debug_exceptions.rb:65:in `call'
web-console (3.7.0) lib/web_console/middleware.rb:135:in `call_app'
web-console (3.7.0) lib/web_console/middleware.rb:30:in `block in call'
web-console (3.7.0) lib/web_console/middleware.rb:20:in `catch'
web-console (3.7.0) lib/web_console/middleware.rb:20:in `call'
actionpack (5.2.3) lib/action_dispatch/middleware/show_exceptions.rb:33:in `call'
railties (5.2.3) lib/rails/rack/logger.rb:38:in `call_app'
railties (5.2.3) lib/rails/rack/logger.rb:26:in `block in call'
activesupport (5.2.3) lib/active_support/tagged_logging.rb:71:in `block in tagged'
activesupport (5.2.3) lib/active_support/tagged_logging.rb:28:in `tagged'
activesupport (5.2.3) lib/active_support/tagged_logging.rb:71:in `tagged'
railties (5.2.3) lib/rails/rack/logger.rb:26:in `call'
sprockets-rails (3.2.1) lib/sprockets/rails/quiet_assets.rb:13:in `call'
actionpack (5.2.3) lib/action_dispatch/middleware/remote_ip.rb:81:in `call'
actionpack (5.2.3) lib/action_dispatch/middleware/request_id.rb:27:in `call'
rack (2.0.7) lib/rack/method_override.rb:22:in `call'
rack (2.0.7) lib/rack/runtime.rb:22:in `call'
activesupport (5.2.3) lib/active_support/cache/strategy/local_cache_middleware.rb:29:in `call'
actionpack (5.2.3) lib/action_dispatch/middleware/executor.rb:14:in `call'
actionpack (5.2.3) lib/action_dispatch/middleware/static.rb:127:in `call'
rack (2.0.7) lib/rack/sendfile.rb:111:in `call'
railties (5.2.3) lib/rails/engine.rb:524:in `call'
puma (3.12.1) lib/puma/configuration.rb:227:in `call'
puma (3.12.1) lib/puma/server.rb:660:in `handle_request'
puma (3.12.1) lib/puma/server.rb:474:in `process_client'
puma (3.12.1) lib/puma/server.rb:334:in `block in run'
puma (3.12.1) lib/puma/thread_pool.rb:135:in `block in spawn_thread'
Started GET "/cats" for ::1 at 2019-07-24 16:07:36 -0500

SyntaxError - syntax error, unexpected keyword_end
    end
    ^~~
/Users/commandcenter/Documents/AppAcademy/Immersive/W9D3/ninety-nine-cats/app/controllers/cats_controller.rb:19: syntax error, unexpected end-of-input, expecting keyword_end:
  app/controllers/cats_controller.rb:5:in `'

Started GET "/cats" for ::1 at 2019-07-24 16:07:51 -0500

SyntaxError - syntax error, unexpected end-of-input, expecting keyword_end:
  app/controllers/cats_controller.rb:19:in `'

Started GET "/cats" for ::1 at 2019-07-24 16:08:04 -0500
Processing by CatsController#index as */*
  [1m[36mCat Load (4.0ms)[0m  [1m[34mSELECT "cats".* FROM "cats"[0m
  ↳ app/controllers/cats_controller.rb:4
Completed 200 OK in 14ms (Views: 2.3ms | ActiveRecord: 6.5ms)


Started GET "/cats" for ::1 at 2019-07-24 16:09:06 -0500
Processing by CatsController#index as */*
  [1m[36mCat Load (0.5ms)[0m  [1m[34mSELECT "cats".* FROM "cats"[0m
  ↳ app/controllers/cats_controller.rb:4
Completed 200 OK in 8ms (Views: 1.3ms | ActiveRecord: 3.2ms)


Started GET "/cats" for ::1 at 2019-07-24 16:10:28 -0500
Processing by CatsController#index as */*
  [1m[36mCat Load (0.3ms)[0m  [1m[34mSELECT "cats".* FROM "cats"[0m
  ↳ app/controllers/cats_controller.rb:4
Completed 200 OK in 8ms (Views: 1.4ms | ActiveRecord: 3.0ms)


Started POST "/cats" for ::1 at 2019-07-24 16:16:46 -0500
  [1m[35m (0.8ms)[0m  [1m[34mSELECT "schema_migrations"."version" FROM "schema_migrations" ORDER BY "schema_migrations"."version" ASC[0m
  ↳ /Users/commandcenter/.rbenv/versions/2.5.1/lib/ruby/gems/2.5.0/gems/activerecord-5.2.3/lib/active_record/log_subscriber.rb:98
Processing by CatsController#create as */*
Can't verify CSRF token authenticity.
Completed 422 Unprocessable Entity in 1ms (ActiveRecord: 0.0ms)



ActionController::InvalidAuthenticityToken - ActionController::InvalidAuthenticityToken:

Started POST "/cats" for ::1 at 2019-07-24 16:21:11 -0500
Processing by CatsController#create as */*
  Parameters: {"cats"=>{"birth_date"=>"11-21-2000", "color"=>"white", "name"=>"felisha ", "sex"=>"F", "description"=>"\"awesome cat\""}}
Can't verify CSRF token authenticity.
Completed 422 Unprocessable Entity in 1ms (ActiveRecord: 0.0ms)



ActionController::InvalidAuthenticityToken - ActionController::InvalidAuthenticityToken:

Started POST "/cats" for ::1 at 2019-07-24 16:22:38 -0500
Processing by CatsController#create as */*
  Parameters: {"cat"=>{"birth_date"=>"11-21-2000", "sex"=>"F", "description"=>"\"awesome cat\"", "name"=>"\"Felicia\"", "color"=>"\"orange\""}}
Can't verify CSRF token authenticity.
Completed 422 Unprocessable Entity in 1ms (ActiveRecord: 0.0ms)



ActionController::InvalidAuthenticityToken - ActionController::InvalidAuthenticityToken:

Started POST "/" for ::1 at 2019-07-24 16:23:04 -0500
  
ActionController::RoutingError (No route matches [POST] "/"):
  
actionpack (5.2.3) lib/action_dispatch/middleware/debug_exceptions.rb:65:in `call'
web-console (3.7.0) lib/web_console/middleware.rb:135:in `call_app'
web-console (3.7.0) lib/web_console/middleware.rb:30:in `block in call'
web-console (3.7.0) lib/web_console/middleware.rb:20:in `catch'
web-console (3.7.0) lib/web_console/middleware.rb:20:in `call'
actionpack (5.2.3) lib/action_dispatch/middleware/show_exceptions.rb:33:in `call'
railties (5.2.3) lib/rails/rack/logger.rb:38:in `call_app'
railties (5.2.3) lib/rails/rack/logger.rb:26:in `block in call'
activesupport (5.2.3) lib/active_support/tagged_logging.rb:71:in `block in tagged'
activesupport (5.2.3) lib/active_support/tagged_logging.rb:28:in `tagged'
activesupport (5.2.3) lib/active_support/tagged_logging.rb:71:in `tagged'
railties (5.2.3) lib/rails/rack/logger.rb:26:in `call'
sprockets-rails (3.2.1) lib/sprockets/rails/quiet_assets.rb:13:in `call'
actionpack (5.2.3) lib/action_dispatch/middleware/remote_ip.rb:81:in `call'
actionpack (5.2.3) lib/action_dispatch/middleware/request_id.rb:27:in `call'
rack (2.0.7) lib/rack/method_override.rb:22:in `call'
rack (2.0.7) lib/rack/runtime.rb:22:in `call'
activesupport (5.2.3) lib/active_support/cache/strategy/local_cache_middleware.rb:29:in `call'
actionpack (5.2.3) lib/action_dispatch/middleware/executor.rb:14:in `call'
actionpack (5.2.3) lib/action_dispatch/middleware/static.rb:127:in `call'
rack (2.0.7) lib/rack/sendfile.rb:111:in `call'
railties (5.2.3) lib/rails/engine.rb:524:in `call'
puma (3.12.1) lib/puma/configuration.rb:227:in `call'
puma (3.12.1) lib/puma/server.rb:660:in `handle_request'
puma (3.12.1) lib/puma/server.rb:474:in `process_client'
puma (3.12.1) lib/puma/server.rb:334:in `block in run'
puma (3.12.1) lib/puma/thread_pool.rb:135:in `block in spawn_thread'
Started POST "/cat" for ::1 at 2019-07-24 16:23:17 -0500
  
ActionController::RoutingError (No route matches [POST] "/cat"):
  
actionpack (5.2.3) lib/action_dispatch/middleware/debug_exceptions.rb:65:in `call'
web-console (3.7.0) lib/web_console/middleware.rb:135:in `call_app'
web-console (3.7.0) lib/web_console/middleware.rb:30:in `block in call'
web-console (3.7.0) lib/web_console/middleware.rb:20:in `catch'
web-console (3.7.0) lib/web_console/middleware.rb:20:in `call'
actionpack (5.2.3) lib/action_dispatch/middleware/show_exceptions.rb:33:in `call'
railties (5.2.3) lib/rails/rack/logger.rb:38:in `call_app'
railties (5.2.3) lib/rails/rack/logger.rb:26:in `block in call'
activesupport (5.2.3) lib/active_support/tagged_logging.rb:71:in `block in tagged'
activesupport (5.2.3) lib/active_support/tagged_logging.rb:28:in `tagged'
activesupport (5.2.3) lib/active_support/tagged_logging.rb:71:in `tagged'
railties (5.2.3) lib/rails/rack/logger.rb:26:in `call'
sprockets-rails (3.2.1) lib/sprockets/rails/quiet_assets.rb:13:in `call'
actionpack (5.2.3) lib/action_dispatch/middleware/remote_ip.rb:81:in `call'
actionpack (5.2.3) lib/action_dispatch/middleware/request_id.rb:27:in `call'
rack (2.0.7) lib/rack/method_override.rb:22:in `call'
rack (2.0.7) lib/rack/runtime.rb:22:in `call'
activesupport (5.2.3) lib/active_support/cache/strategy/local_cache_middleware.rb:29:in `call'
actionpack (5.2.3) lib/action_dispatch/middleware/executor.rb:14:in `call'
actionpack (5.2.3) lib/action_dispatch/middleware/static.rb:127:in `call'
rack (2.0.7) lib/rack/sendfile.rb:111:in `call'
railties (5.2.3) lib/rails/engine.rb:524:in `call'
puma (3.12.1) lib/puma/configuration.rb:227:in `call'
puma (3.12.1) lib/puma/server.rb:660:in `handle_request'
puma (3.12.1) lib/puma/server.rb:474:in `process_client'
puma (3.12.1) lib/puma/server.rb:334:in `block in run'
puma (3.12.1) lib/puma/thread_pool.rb:135:in `block in spawn_thread'
Started POST "/cats" for ::1 at 2019-07-24 16:23:22 -0500
Processing by CatsController#create as */*
  Parameters: {"cat"=>{"birth_date"=>"11-21-2000", "sex"=>"F", "description"=>"\"awesome cat\"", "name"=>"\"Felicia\"", "color"=>"\"orange\""}}
Can't verify CSRF token authenticity.
Completed 422 Unprocessable Entity in 1ms (ActiveRecord: 0.0ms)



ActionController::InvalidAuthenticityToken - ActionController::InvalidAuthenticityToken:

Started POST "/cats" for ::1 at 2019-07-24 16:25:05 -0500
Processing by CatsController#create as */*
  Parameters: {"cat"=>{"birth_date"=>"11-21-2000", "sex"=>"F", "description"=>"\"awesome cat\"", "name"=>"\"Felicia\"", "color"=>"\"orange\""}}
Can't verify CSRF token authenticity.
Completed 422 Unprocessable Entity in 1ms (ActiveRecord: 0.0ms)



ActionController::InvalidAuthenticityToken - ActionController::InvalidAuthenticityToken:

Started POST "/cats" for ::1 at 2019-07-24 16:27:29 -0500
Processing by CatsController#create as */*
  Parameters: {"cat"=>{"birth_date"=>"11-21-2000", "sex"=>"F", "description"=>"\"awesome cat\"", "name"=>"\"Felicia\"", "color"=>"\"orange\""}}
Can't verify CSRF token authenticity.
Completed 422 Unprocessable Entity in 1ms (ActiveRecord: 0.0ms)



ActionController::InvalidAuthenticityToken - ActionController::InvalidAuthenticityToken:

Started POST "/cats" for ::1 at 2019-07-24 16:27:51 -0500
  [1m[35m (0.8ms)[0m  [1m[34mSELECT "schema_migrations"."version" FROM "schema_migrations" ORDER BY "schema_migrations"."version" ASC[0m
  ↳ /Users/commandcenter/.rbenv/versions/2.5.1/lib/ruby/gems/2.5.0/gems/activerecord-5.2.3/lib/active_record/log_subscriber.rb:98
Processing by CatsController#create as */*
  Parameters: {"cat"=>{"birth_date"=>"11-21-2000", "sex"=>"F", "description"=>"\"awesome cat\"", "name"=>"\"Felicia\"", "color"=>"\"orange\""}}
  [1m[35m (0.2ms)[0m  [1m[35mBEGIN[0m
  ↳ app/controllers/cats_controller.rb:15
  [1m[35m (0.2ms)[0m  [1m[31mROLLBACK[0m
  ↳ app/controllers/cats_controller.rb:15
Completed 500 Internal Server Error in 82ms (ActiveRecord: 6.9ms)



ActionView::MissingTemplate - Missing template cats/new, application/new with {:locale=>[:en], :formats=>[:html, :text, :js, :css, :ics, :csv, :vcf, :vtt, :png, :jpeg, :gif, :bmp, :tiff, :svg, :mpeg, :mp3, :ogg, :m4a, :webm, :mp4, :otf, :ttf, :woff, :woff2, :xml, :rss, :atom, :yaml, :multipart_form, :url_encoded_form, :json, :pdf, :zip, :gzip], :variants=>[], :handlers=>[:raw, :erb, :html, :builder, :ruby, :coffee, :jbuilder]}. Searched in:
  * "/Users/commandcenter/Documents/AppAcademy/Immersive/W9D3/ninety-nine-cats/app/views"
:
  app/controllers/cats_controller.rb:18:in `create'

Started POST "/cats" for ::1 at 2019-07-24 16:29:36 -0500
Processing by CatsController#create as */*
  Parameters: {"cat"=>{"birth_date"=>"11-21-2000", "sex"=>"F", "description"=>"\"awesome cat\"", "name"=>"\"Felicia\"", "color"=>"\"orange\""}}
  [1m[35m (0.1ms)[0m  [1m[35mBEGIN[0m
  ↳ app/controllers/cats_controller.rb:15
  [1m[35m (0.2ms)[0m  [1m[31mROLLBACK[0m
  ↳ app/controllers/cats_controller.rb:15
  Rendering cats/new.html.erb within layouts/application
  Rendered cats/new.html.erb within layouts/application (1.2ms)
Completed 200 OK in 278ms (Views: 257.8ms | ActiveRecord: 5.6ms)


Started GET "/cats" for ::1 at 2019-07-24 16:30:37 -0500
Processing by CatsController#index as */*
  Parameters: {"cat"=>{"birth_date"=>"11-21-2000", "sex"=>"F", "description"=>"\"awesome cat\"", "name"=>"\"Felicia\"", "color"=>"\"orange\""}}
  Rendering cats/index.html.erb within layouts/application
  [1m[36mCat Load (1.2ms)[0m  [1m[34mSELECT "cats".* FROM "cats"[0m
  ↳ app/views/cats/index.html.erb:5
  Rendered cats/index.html.erb within layouts/application (6.1ms)
Completed 200 OK in 51ms (Views: 42.0ms | ActiveRecord: 3.9ms)


Started GET "/cats" for ::1 at 2019-07-24 16:45:28 -0500
Processing by CatsController#index as */*
  Parameters: {"cat"=>{"birth_date"=>"11-21-2000", "sex"=>"F", "description"=>"\"awesome cat\"", "name"=>"\"Felicia\"", "color"=>"\"orange\""}}
  Rendering cats/index.html.erb within layouts/application
  [1m[36mCat Load (1.0ms)[0m  [1m[34mSELECT "cats".* FROM "cats"[0m
  ↳ app/views/cats/index.html.erb:5
  Rendered cats/index.html.erb within layouts/application (2.5ms)
Completed 200 OK in 49ms (Views: 47.2ms | ActiveRecord: 1.0ms)


Started POST "/cats" for ::1 at 2019-07-24 16:45:34 -0500
Processing by CatsController#create as */*
  Parameters: {"cat"=>{"birth_date"=>"11-21-2000", "sex"=>"F", "description"=>"\"awesome cat\"", "name"=>"\"Felicia\"", "color"=>"\"orange\""}}
  [1m[35m (0.2ms)[0m  [1m[35mBEGIN[0m
  ↳ app/controllers/cats_controller.rb:15
  [1m[35m (0.2ms)[0m  [1m[31mROLLBACK[0m
  ↳ app/controllers/cats_controller.rb:15
  Rendering cats/new.html.erb within layouts/application
  Rendered cats/new.html.erb within layouts/application (408.4ms)
Completed 500 Internal Server Error in 457ms (ActiveRecord: 8.0ms)



NameError - undefined local variable or method `cat' for #<#<Class:0x00007f9203cb5948>:0x00007f9205a8f2e8>
Did you mean?  @cat:
  app/views/cats/new.html.erb:2:in `_app_views_cats_new_html_erb__3538653712173831922_70132568451540'
  app/controllers/cats_controller.rb:18:in `create'

Started POST "/cats" for ::1 at 2019-07-24 16:46:54 -0500
Processing by CatsController#create as */*
  Parameters: {"cat"=>{"birth_date"=>"11-21-2000", "sex"=>"F", "description"=>"\"awesome cat\"", "name"=>"\"Felicia\"", "color"=>"\"orange\""}}
  [1m[35m (0.2ms)[0m  [1m[35mBEGIN[0m
  ↳ app/controllers/cats_controller.rb:15
  [1m[35m (0.2ms)[0m  [1m[31mROLLBACK[0m
  ↳ app/controllers/cats_controller.rb:15
  Rendering cats/new.html.erb within layouts/application
  Rendered cats/new.html.erb within layouts/application (21.8ms)
Completed 500 Internal Server Error in 52ms (ActiveRecord: 0.3ms)



ActionController::UrlGenerationError - No route matches {:action=>"show", :controller=>"cats"}, missing required keys: [:id]:
  app/views/cats/new.html.erb:2:in `_app_views_cats_new_html_erb__3538653712173831922_70132626480460'
  app/controllers/cats_controller.rb:18:in `create'

Started POST "/cats" for ::1 at 2019-07-24 16:47:07 -0500
Processing by CatsController#create as */*
  Parameters: {"cat"=>{"birth_date"=>"11-21-2000", "sex"=>"F", "description"=>"\"awesome cat\"", "name"=>"\"Felicia\"", "color"=>"\"orange\""}}
  [1m[35m (0.2ms)[0m  [1m[35mBEGIN[0m
  ↳ app/controllers/cats_controller.rb:15
  [1m[35m (0.2ms)[0m  [1m[31mROLLBACK[0m
  ↳ app/controllers/cats_controller.rb:15
  Rendering cats/new.html.erb within layouts/application
  Rendered cats/new.html.erb within layouts/application (22.2ms)
Completed 500 Internal Server Error in 52ms (ActiveRecord: 0.4ms)



ActionController::UrlGenerationError - No route matches {:action=>"show", :controller=>"cats", :id=>nil}, missing required keys: [:id]:
  app/views/cats/new.html.erb:2:in `_app_views_cats_new_html_erb__3538653712173831922_70132547903680'
  app/controllers/cats_controller.rb:18:in `create'

Started POST "/cats" for ::1 at 2019-07-24 16:47:09 -0500
Processing by CatsController#create as */*
  Parameters: {"cat"=>{"birth_date"=>"11-21-2000", "sex"=>"F", "description"=>"\"awesome cat\"", "name"=>"\"Felicia\"", "color"=>"\"orange\""}}
  [1m[35m (0.2ms)[0m  [1m[35mBEGIN[0m
  ↳ app/controllers/cats_controller.rb:15
  [1m[35m (0.2ms)[0m  [1m[31mROLLBACK[0m
  ↳ app/controllers/cats_controller.rb:15
  Rendering cats/new.html.erb within layouts/application
  Rendered cats/new.html.erb within layouts/application (24.7ms)
Completed 500 Internal Server Error in 60ms (ActiveRecord: 0.3ms)



ActionController::UrlGenerationError - No route matches {:action=>"show", :controller=>"cats", :id=>nil}, missing required keys: [:id]:
  app/views/cats/new.html.erb:2:in `_app_views_cats_new_html_erb__3538653712173831922_70132550948740'
  app/controllers/cats_controller.rb:18:in `create'

Started POST "/cats" for ::1 at 2019-07-24 17:05:50 -0500
Processing by CatsController#create as */*
  Parameters: {"cat"=>{"birth_date"=>"11-21-2000", "sex"=>"F", "description"=>"\"awesome cat\"", "name"=>"\"Felicia\"", "color"=>"\"orange\""}}
  [1m[35m (0.2ms)[0m  [1m[35mBEGIN[0m
  ↳ app/controllers/cats_controller.rb:15
  [1m[35m (0.2ms)[0m  [1m[31mROLLBACK[0m
  ↳ app/controllers/cats_controller.rb:15
  Rendering cats/new.html.erb within layouts/application
  Rendered cats/new.html.erb within layouts/application (24.8ms)
Completed 500 Internal Server Error in 57ms (ActiveRecord: 0.4ms)



ActionController::UrlGenerationError - No route matches {:action=>"show", :controller=>"cats", :id=>nil}, missing required keys: [:id]:
  app/views/cats/new.html.erb:2:in `_app_views_cats_new_html_erb__3538653712173831922_70132568040820'
  app/controllers/cats_controller.rb:18:in `create'

Started POST "/cats" for ::1 at 2019-07-24 17:05:51 -0500
Processing by CatsController#create as */*
  Parameters: {"cat"=>{"birth_date"=>"11-21-2000", "sex"=>"F", "description"=>"\"awesome cat\"", "name"=>"\"Felicia\"", "color"=>"\"orange\""}}
  [1m[35m (0.2ms)[0m  [1m[35mBEGIN[0m
  ↳ app/controllers/cats_controller.rb:15
  [1m[35m (0.2ms)[0m  [1m[31mROLLBACK[0m
  ↳ app/controllers/cats_controller.rb:15
  Rendering cats/new.html.erb within layouts/application
  Rendered cats/new.html.erb within layouts/application (24.1ms)
Completed 500 Internal Server Error in 55ms (ActiveRecord: 0.3ms)



ActionController::UrlGenerationError - No route matches {:action=>"show", :controller=>"cats", :id=>nil}, missing required keys: [:id]:
  app/views/cats/new.html.erb:2:in `_app_views_cats_new_html_erb__3538653712173831922_70132626215940'
  app/controllers/cats_controller.rb:18:in `create'

Started POST "/cats" for ::1 at 2019-07-24 17:08:23 -0500
Processing by CatsController#create as */*
  Parameters: {"cat"=>{"birth_date"=>"11-21-2000", "sex"=>"F", "description"=>"\"awesome cat\"", "name"=>"\"Felicia\"", "color"=>"\"orange\""}}
  [1m[35m (0.2ms)[0m  [1m[35mBEGIN[0m
  ↳ app/controllers/cats_controller.rb:15
  [1m[35m (0.2ms)[0m  [1m[31mROLLBACK[0m
  ↳ app/controllers/cats_controller.rb:15
  Rendering cats/new.html.erb within layouts/application
  Rendered cats/new.html.erb within layouts/application (22.9ms)
Completed 500 Internal Server Error in 56ms (ActiveRecord: 0.4ms)



ActionController::UrlGenerationError - No route matches {:action=>"show", :controller=>"cats", :id=>nil}, missing required keys: [:id]:
  app/views/cats/new.html.erb:2:in `_app_views_cats_new_html_erb__3538653712173831922_70132626789760'
  app/controllers/cats_controller.rb:18:in `create'

Started POST "/cats" for ::1 at 2019-07-24 17:32:02 -0500
Processing by CatsController#create as */*
  Parameters: {"cat"=>{"birth_date"=>"11-21-2000", "sex"=>"F", "description"=>"\"awesome cat\"", "name"=>"\"Felicia\"", "color"=>"\"orange\""}}
  [1m[35m (0.2ms)[0m  [1m[35mBEGIN[0m
  ↳ app/controllers/cats_controller.rb:15
  [1m[35m (0.2ms)[0m  [1m[31mROLLBACK[0m
  ↳ app/controllers/cats_controller.rb:15
  Rendering cats/new.html.erb within layouts/application
  Rendered cats/new.html.erb within layouts/application (23.3ms)
Completed 500 Internal Server Error in 74ms (ActiveRecord: 9.5ms)



ActionController::UrlGenerationError - No route matches {:action=>"show", :controller=>"cats", :id=>nil}, missing required keys: [:id]:
  app/views/cats/new.html.erb:2:in `_app_views_cats_new_html_erb__3538653712173831922_70132568384200'
  app/controllers/cats_controller.rb:18:in `create'

Started POST "/cats" for ::1 at 2019-07-24 17:32:35 -0500
Processing by CatsController#create as */*
  Parameters: {"cat"=>{"birth_date"=>"11-21-2000", "sex"=>"F", "description"=>"\"awesome cat\"", "name"=>"\"Felicia\"", "color"=>"\"orange\""}}
  [1m[35m (0.3ms)[0m  [1m[35mBEGIN[0m
  ↳ app/controllers/cats_controller.rb:15
  [1m[35m (0.2ms)[0m  [1m[31mROLLBACK[0m
  ↳ app/controllers/cats_controller.rb:15
  Rendering cats/new.html.erb within layouts/application
  Rendered cats/new.html.erb within layouts/application (26.1ms)
Completed 500 Internal Server Error in 65ms (ActiveRecord: 0.5ms)



ActionController::UrlGenerationError - No route matches {:action=>"show", :controller=>"cats", :id=>nil}, missing required keys: [:id]:
  app/views/cats/new.html.erb:2:in `_app_views_cats_new_html_erb__3538653712173831922_70132600781260'
  app/controllers/cats_controller.rb:18:in `create'

Started GET "/cats/new" for ::1 at 2019-07-24 17:33:01 -0500
Processing by CatsController#new as */*
  Parameters: {"cat"=>{"birth_date"=>"11-21-2000", "sex"=>"F", "description"=>"\"awesome cat\"", "name"=>"\"Felicia\"", "color"=>"\"orange\""}}
  Rendering cats/new.html.erb within layouts/application
  Rendered cats/new.html.erb within layouts/application (27.1ms)
Completed 500 Internal Server Error in 73ms (ActiveRecord: 0.0ms)



ActionController::UrlGenerationError - No route matches {:action=>"show", :controller=>"cats", :id=>nil}, missing required keys: [:id]:
  app/views/cats/new.html.erb:2:in `_app_views_cats_new_html_erb__3538653712173831922_70132564880320'

Started GET "/cats/new" for ::1 at 2019-07-24 17:33:58 -0500
Processing by CatsController#new as */*
  Parameters: {"cat"=>{"birth_date"=>"11-21-2000", "sex"=>"F", "description"=>"\"awesome cat\"", "name"=>"\"Felicia\"", "color"=>"\"orange\""}}
  Rendering cats/new.html.erb within layouts/application
  Rendered cats/new.html.erb within layouts/application (299.0ms)
Completed 500 Internal Server Error in 342ms (ActiveRecord: 0.0ms)



NameError - undefined local variable or method `cat' for #<#<Class:0x00007f9205a6fc18>:0x00007f92041ec600>
Did you mean?  catch:
  app/views/cats/new.html.erb:9:in `_app_views_cats_new_html_erb__3538653712173831922_70132551920440'

Started GET "/cats/new" for ::1 at 2019-07-24 17:34:40 -0500
Processing by CatsController#new as */*
  Parameters: {"cat"=>{"birth_date"=>"11-21-2000", "sex"=>"F", "description"=>"\"awesome cat\"", "name"=>"\"Felicia\"", "color"=>"\"orange\""}}
  Rendering cats/new.html.erb within layouts/application
  Rendered cats/new.html.erb within layouts/application (374.1ms)
Completed 500 Internal Server Error in 416ms (ActiveRecord: 0.0ms)



NameError - undefined local variable or method `cat' for #<#<Class:0x00007f9205a6fc18>:0x00007f9205267430>
Did you mean?  catch:
  app/views/cats/new.html.erb:9:in `_app_views_cats_new_html_erb__3538653712173831922_70132547219680'

Started GET "/cats/new" for ::1 at 2019-07-24 17:34:48 -0500
Processing by CatsController#new as */*
  Parameters: {"cat"=>{"birth_date"=>"11-21-2000", "sex"=>"F", "description"=>"\"awesome cat\"", "name"=>"\"Felicia\"", "color"=>"\"orange\""}}
  Rendering cats/new.html.erb within layouts/application
  Rendered cats/new.html.erb within layouts/application (20.0ms)
Completed 500 Internal Server Error in 60ms (ActiveRecord: 0.0ms)



NoMethodError - undefined method `name' for nil:NilClass:
  app/views/cats/new.html.erb:9:in `_app_views_cats_new_html_erb__3538653712173831922_70132555984060'

Started GET "/cats/new" for ::1 at 2019-07-24 17:35:54 -0500
Processing by CatsController#new as */*
  Parameters: {"cat"=>{"birth_date"=>"11-21-2000", "sex"=>"F", "description"=>"\"awesome cat\"", "name"=>"\"Felicia\"", "color"=>"\"orange\""}}
  Rendering cats/new.html.erb within layouts/application
  Rendered cats/new.html.erb within layouts/application (0.6ms)
Completed 200 OK in 70ms (Views: 51.3ms | ActiveRecord: 4.7ms)


Started GET "/cats/new" for ::1 at 2019-07-24 17:36:04 -0500
Processing by CatsController#new as */*
  Parameters: {"cat"=>{"birth_date"=>"11-21-2000", "sex"=>"F", "description"=>"\"awesome cat\"", "name"=>"\"Felicia\"", "color"=>"\"orange\""}}
  Rendering cats/new.html.erb within layouts/application
  Rendered cats/new.html.erb within layouts/application (0.6ms)
Completed 200 OK in 35ms (Views: 34.6ms | ActiveRecord: 0.0ms)


Started GET "/cats/new" for ::1 at 2019-07-24 17:36:22 -0500
Processing by CatsController#new as */*
  Parameters: {"cat"=>{"birth_date"=>"11-21-2000", "sex"=>"F", "description"=>"\"awesome cat\"", "name"=>"\"Felicia\"", "color"=>"\"orange\""}}
  Rendering cats/new.html.erb within layouts/application
  Rendered cats/new.html.erb within layouts/application (0.5ms)
Completed 200 OK in 38ms (Views: 37.7ms | ActiveRecord: 0.0ms)


Started GET "/cats/new" for ::1 at 2019-07-24 17:38:34 -0500
Processing by CatsController#new as */*
  Parameters: {"cat"=>{"birth_date"=>"11-21-2000", "sex"=>"F", "description"=>"\"awesome cat\"", "name"=>"\"Felicia\"", "color"=>"\"orange\""}}
  Rendering cats/new.html.erb within layouts/application
  Rendered cats/new.html.erb within layouts/application (0.6ms)
Completed 200 OK in 35ms (Views: 34.1ms | ActiveRecord: 0.0ms)


Started GET "/cats/new" for ::1 at 2019-07-24 17:42:50 -0500
Processing by CatsController#new as */*
  Parameters: {"cat"=>{"birth_date"=>"11-21-2000", "sex"=>"F", "description"=>"\"awesome cat\"", "name"=>"\"Felicia\"", "color"=>"\"orange\""}}
  Rendering cats/new.html.erb within layouts/application
  Rendered cats/new.html.erb within layouts/application (0.6ms)
Completed 200 OK in 44ms (Views: 42.8ms | ActiveRecord: 0.0ms)


Started GET "/cats/new" for ::1 at 2019-07-24 17:43:12 -0500
Processing by CatsController#new as */*
  Parameters: {"cat"=>{"birth_date"=>"11-21-2000", "sex"=>"F", "description"=>"\"awesome cat\"", "name"=>"\"Felicia\"", "color"=>"\"orange\""}}
  Rendering cats/new.html.erb within layouts/application
  Rendered cats/new.html.erb within layouts/application (0.8ms)
Completed 200 OK in 34ms (Views: 33.3ms | ActiveRecord: 0.0ms)


Started GET "/cats/new" for ::1 at 2019-07-24 17:43:32 -0500
Processing by CatsController#new as */*
  Parameters: {"cat"=>{"birth_date"=>"11-21-2000", "sex"=>"F", "description"=>"\"awesome cat\"", "name"=>"\"Felicia\"", "color"=>"\"orange\""}}
  Rendering cats/new.html.erb within layouts/application
  Rendered cats/new.html.erb within layouts/application (0.7ms)
Completed 200 OK in 38ms (Views: 37.7ms | ActiveRecord: 0.0ms)


Started GET "/cats/new" for ::1 at 2019-07-24 17:47:13 -0500
Processing by CatsController#new as */*
  Parameters: {"cat"=>{"birth_date"=>"11-21-2000", "sex"=>"F", "description"=>"\"awesome cat\"", "name"=>"\"Felicia\"", "color"=>"\"orange\""}}
  Rendering cats/new.html.erb within layouts/application
  Rendered cats/new.html.erb within layouts/application (0.8ms)
Completed 200 OK in 45ms (Views: 44.0ms | ActiveRecord: 0.0ms)


Started GET "/cats/new" for ::1 at 2019-07-24 17:47:33 -0500
Processing by CatsController#new as */*
  Parameters: {"cat"=>{"birth_date"=>"11-21-2000", "sex"=>"F", "description"=>"\"awesome cat\"", "name"=>"\"Felicia\"", "color"=>"\"orange\""}}
  Rendering cats/new.html.erb within layouts/application
  Rendered cats/new.html.erb within layouts/application (0.9ms)
Completed 200 OK in 43ms (Views: 42.5ms | ActiveRecord: 0.0ms)


Started GET "/cats/new" for ::1 at 2019-07-24 17:52:45 -0500
Processing by CatsController#new as */*
  Parameters: {"cat"=>{"birth_date"=>"11-21-2000", "sex"=>"F", "description"=>"\"awesome cat\"", "name"=>"\"Felicia\"", "color"=>"\"orange\""}}
  Rendering cats/new.html.erb within layouts/application
  Rendered cats/new.html.erb within layouts/application (0.7ms)
Completed 200 OK in 44ms (Views: 43.5ms | ActiveRecord: 0.0ms)


  [1m[35m (0.8ms)[0m  [1m[34mSELECT "schema_migrations"."version" FROM "schema_migrations" ORDER BY "schema_migrations"."version" ASC[0m
  ↳ /Users/commandcenter/.rbenv/versions/2.5.1/bin/rails:23
  [1m[36mCat Load (8.0ms)[0m  [1m[34mSELECT "cats".* FROM "cats"[0m
  ↳ db/seeds.rb:10
Started POST "/cats/edit" for ::1 at 2019-07-24 17:55:05 -0500
  [1m[35m (0.8ms)[0m  [1m[34mSELECT "schema_migrations"."version" FROM "schema_migrations" ORDER BY "schema_migrations"."version" ASC[0m
  ↳ /Users/commandcenter/.rbenv/versions/2.5.1/lib/ruby/gems/2.5.0/gems/activerecord-5.2.3/lib/active_record/log_subscriber.rb:98
  
ActionController::RoutingError (No route matches [POST] "/cats/edit"):
  
actionpack (5.2.3) lib/action_dispatch/middleware/debug_exceptions.rb:65:in `call'
web-console (3.7.0) lib/web_console/middleware.rb:135:in `call_app'
web-console (3.7.0) lib/web_console/middleware.rb:30:in `block in call'
web-console (3.7.0) lib/web_console/middleware.rb:20:in `catch'
web-console (3.7.0) lib/web_console/middleware.rb:20:in `call'
actionpack (5.2.3) lib/action_dispatch/middleware/show_exceptions.rb:33:in `call'
railties (5.2.3) lib/rails/rack/logger.rb:38:in `call_app'
railties (5.2.3) lib/rails/rack/logger.rb:26:in `block in call'
activesupport (5.2.3) lib/active_support/tagged_logging.rb:71:in `block in tagged'
activesupport (5.2.3) lib/active_support/tagged_logging.rb:28:in `tagged'
activesupport (5.2.3) lib/active_support/tagged_logging.rb:71:in `tagged'
railties (5.2.3) lib/rails/rack/logger.rb:26:in `call'
sprockets-rails (3.2.1) lib/sprockets/rails/quiet_assets.rb:13:in `call'
actionpack (5.2.3) lib/action_dispatch/middleware/remote_ip.rb:81:in `call'
actionpack (5.2.3) lib/action_dispatch/middleware/request_id.rb:27:in `call'
rack (2.0.7) lib/rack/method_override.rb:22:in `call'
rack (2.0.7) lib/rack/runtime.rb:22:in `call'
activesupport (5.2.3) lib/active_support/cache/strategy/local_cache_middleware.rb:29:in `call'
actionpack (5.2.3) lib/action_dispatch/middleware/executor.rb:14:in `call'
actionpack (5.2.3) lib/action_dispatch/middleware/static.rb:127:in `call'
rack (2.0.7) lib/rack/sendfile.rb:111:in `call'
railties (5.2.3) lib/rails/engine.rb:524:in `call'
puma (3.12.1) lib/puma/configuration.rb:227:in `call'
puma (3.12.1) lib/puma/server.rb:660:in `handle_request'
puma (3.12.1) lib/puma/server.rb:474:in `process_client'
puma (3.12.1) lib/puma/server.rb:334:in `block in run'
puma (3.12.1) lib/puma/thread_pool.rb:135:in `block in spawn_thread'
Started GET "/cats/edit" for ::1 at 2019-07-24 17:55:23 -0500
Processing by CatsController#show as */*
  Parameters: {"cat"=>{"birth_date"=>"11-21-2000", "sex"=>"F", "description"=>"\"awesome cat\"", "name"=>"\"Felicia\"", "color"=>"\"orange\""}, "id"=>"edit"}
  [1m[36mCat Load (0.4ms)[0m  [1m[34mSELECT  "cats".* FROM "cats" WHERE "cats"."id" = $1 LIMIT $2[0m  [["id", 0], ["LIMIT", 1]]
  ↳ app/controllers/cats_controller.rb:8
Completed 404 Not Found in 14ms (ActiveRecord: 6.8ms)



ActiveRecord::RecordNotFound - Couldn't find Cat with 'id'=edit:
  app/controllers/cats_controller.rb:8:in `show'

Started GET "/cats/" for ::1 at 2019-07-24 17:55:44 -0500
Processing by CatsController#index as */*
  Parameters: {"cat"=>{"birth_date"=>"11-21-2000", "sex"=>"F", "description"=>"\"awesome cat\"", "name"=>"\"Felicia\"", "color"=>"\"orange\""}}
  Rendering cats/index.html.erb within layouts/application
  [1m[36mCat Load (0.4ms)[0m  [1m[34mSELECT "cats".* FROM "cats"[0m
  ↳ app/views/cats/index.html.erb:5
  Rendered cats/index.html.erb within layouts/application (1.7ms)
Completed 200 OK in 199ms (Views: 197.7ms | ActiveRecord: 0.4ms)


Started GET "/cats" for ::1 at 2019-07-24 17:55:52 -0500
Processing by CatsController#index as */*
  Parameters: {"cat"=>{"birth_date"=>"11-21-2000", "sex"=>"F", "description"=>"\"awesome cat\"", "name"=>"\"Felicia\"", "color"=>"\"orange\""}}
  Rendering cats/index.html.erb within layouts/application
  [1m[36mCat Load (0.4ms)[0m  [1m[34mSELECT "cats".* FROM "cats"[0m
  ↳ app/views/cats/index.html.erb:5
  Rendered cats/index.html.erb within layouts/application (1.3ms)
Completed 200 OK in 41ms (Views: 39.9ms | ActiveRecord: 0.4ms)


Started GET "/cats" for ::1 at 2019-07-24 17:56:09 -0500
Processing by CatsController#index as */*
  Rendering cats/index.html.erb within layouts/application
  [1m[36mCat Load (0.3ms)[0m  [1m[34mSELECT "cats".* FROM "cats"[0m
  ↳ app/views/cats/index.html.erb:5
  Rendered cats/index.html.erb within layouts/application (1.3ms)
Completed 200 OK in 37ms (Views: 35.9ms | ActiveRecord: 0.3ms)


Started GET "/cats" for ::1 at 2019-07-24 17:57:17 -0500
Processing by CatsController#index as */*
  Rendering cats/index.html.erb within layouts/application
  [1m[36mCat Load (0.4ms)[0m  [1m[34mSELECT "cats".* FROM "cats"[0m
  ↳ app/views/cats/index.html.erb:5
  Rendered cats/index.html.erb within layouts/application (1.5ms)
Completed 200 OK in 41ms (Views: 39.5ms | ActiveRecord: 0.4ms)


Started GET "/cats" for ::1 at 2019-07-24 17:57:18 -0500
Processing by CatsController#index as */*
  Rendering cats/index.html.erb within layouts/application
  [1m[36mCat Load (0.3ms)[0m  [1m[34mSELECT "cats".* FROM "cats"[0m
  ↳ app/views/cats/index.html.erb:5
  Rendered cats/index.html.erb within layouts/application (1.1ms)
Completed 200 OK in 37ms (Views: 36.6ms | ActiveRecord: 0.3ms)


Started GET "/cats" for ::1 at 2019-07-24 17:57:29 -0500
Processing by CatsController#index as */*
  Rendering cats/index.html.erb within layouts/application
  [1m[36mCat Load (0.4ms)[0m  [1m[34mSELECT "cats".* FROM "cats"[0m
  ↳ app/views/cats/index.html.erb:5
  Rendered cats/index.html.erb within layouts/application (1.5ms)
Completed 200 OK in 37ms (Views: 36.3ms | ActiveRecord: 0.4ms)


  [1m[35m (0.7ms)[0m  [1m[34mSELECT "schema_migrations"."version" FROM "schema_migrations" ORDER BY "schema_migrations"."version" ASC[0m
  ↳ /Users/commandcenter/.rbenv/versions/2.5.1/bin/rails:23
  [1m[36mCat Load (0.4ms)[0m  [1m[34mSELECT "cats".* FROM "cats"[0m
  ↳ db/seeds.rb:10
  [1m[35m (0.6ms)[0m  [1m[34mSELECT "schema_migrations"."version" FROM "schema_migrations" ORDER BY "schema_migrations"."version" ASC[0m
  ↳ /Users/commandcenter/.rbenv/versions/2.5.1/bin/rake:23
  [1m[36mCat Load (0.5ms)[0m  [1m[34mSELECT "cats".* FROM "cats"[0m
  ↳ db/seeds.rb:10
Started GET "/cats" for ::1 at 2019-07-24 17:58:32 -0500
  [1m[35m (0.7ms)[0m  [1m[34mSELECT "schema_migrations"."version" FROM "schema_migrations" ORDER BY "schema_migrations"."version" ASC[0m
  ↳ /Users/commandcenter/.rbenv/versions/2.5.1/lib/ruby/gems/2.5.0/gems/activerecord-5.2.3/lib/active_record/log_subscriber.rb:98
Processing by CatsController#index as */*
  Rendering cats/index.html.erb within layouts/application
  [1m[36mCat Load (0.7ms)[0m  [1m[34mSELECT "cats".* FROM "cats"[0m
  ↳ app/views/cats/index.html.erb:5
  Rendered cats/index.html.erb within layouts/application (4.8ms)
Completed 200 OK in 172ms (Views: 158.8ms | ActiveRecord: 3.0ms)


Started GET "/cats/edit" for ::1 at 2019-07-24 17:58:44 -0500
Processing by CatsController#show as */*
  Parameters: {"id"=>"edit"}
  [1m[36mCat Load (0.4ms)[0m  [1m[34mSELECT  "cats".* FROM "cats" WHERE "cats"."id" = $1 LIMIT $2[0m  [["id", 0], ["LIMIT", 1]]
  ↳ app/controllers/cats_controller.rb:8
Completed 404 Not Found in 10ms (ActiveRecord: 5.3ms)



ActiveRecord::RecordNotFound - Couldn't find Cat with 'id'=edit:
  app/controllers/cats_controller.rb:8:in `show'

Started GET "/cats/edit" for ::1 at 2019-07-24 17:59:01 -0500
Processing by CatsController#show as */*
  Parameters: {"id"=>"edit"}
  [1m[36mCat Load (0.4ms)[0m  [1m[34mSELECT  "cats".* FROM "cats" WHERE "cats"."id" = $1 LIMIT $2[0m  [["id", 0], ["LIMIT", 1]]
  ↳ app/controllers/cats_controller.rb:8
Completed 404 Not Found in 2ms (ActiveRecord: 0.4ms)



ActiveRecord::RecordNotFound - Couldn't find Cat with 'id'=edit:
  app/controllers/cats_controller.rb:8:in `show'

Started GET "/cats/1/edit" for ::1 at 2019-07-24 17:59:08 -0500
Processing by CatsController#edit as */*
  Parameters: {"id"=>"1"}
  [1m[36mCat Load (0.5ms)[0m  [1m[34mSELECT  "cats".* FROM "cats" WHERE "cats"."id" = $1 LIMIT $2[0m  [["id", 1], ["LIMIT", 1]]
  ↳ app/controllers/cats_controller.rb:28
  Rendering cats/edit.html.erb within layouts/application
  Rendered cats/edit.html.erb within layouts/application (30.5ms)
Completed 500 Internal Server Error in 60ms (ActiveRecord: 0.5ms)



NoMethodError - undefined method `name' for nil:NilClass:
  app/views/cats/edit.html.erb:10:in `_app_views_cats_edit_html_erb__4117601750730368917_70298804201960'
  app/controllers/cats_controller.rb:29:in `edit'

Started GET "/cats/1/edit" for ::1 at 2019-07-24 18:01:30 -0500
Processing by CatsController#edit as */*
  Parameters: {"id"=>"1"}
  [1m[36mCat Load (0.4ms)[0m  [1m[34mSELECT  "cats".* FROM "cats" WHERE "cats"."id" = $1 LIMIT $2[0m  [["id", 1], ["LIMIT", 1]]
  ↳ app/controllers/cats_controller.rb:28
  Rendering cats/edit.html.erb within layouts/application
  Rendered cats/edit.html.erb within layouts/application (22.9ms)
Completed 500 Internal Server Error in 51ms (ActiveRecord: 0.4ms)



NoMethodError - undefined method `sex' for nil:NilClass:
  app/views/cats/edit.html.erb:41:in `_app_views_cats_edit_html_erb__4117601750730368917_70298772989580'
  app/controllers/cats_controller.rb:29:in `edit'

Started GET "/cats" for ::1 at 2019-07-24 18:02:14 -0500
Processing by CatsController#index as */*
  Rendering cats/index.html.erb within layouts/application
  [1m[36mCat Load (0.5ms)[0m  [1m[34mSELECT "cats".* FROM "cats"[0m
  ↳ app/views/cats/index.html.erb:5
  Rendered cats/index.html.erb within layouts/application (1.7ms)
Completed 200 OK in 39ms (Views: 38.0ms | ActiveRecord: 0.5ms)


Started POST "/cats" for ::1 at 2019-07-24 18:02:34 -0500
Processing by CatsController#create as */*
  Parameters: {"cat"=>{"birth_date"=>"11-21-2000", "sex"=>"F", "description"=>"\"awesome cat\"", "name"=>"\"Felicia\"", "color"=>"\"orange\""}}
  [1m[35m (0.2ms)[0m  [1m[35mBEGIN[0m
  ↳ app/controllers/cats_controller.rb:20
  [1m[35m (0.2ms)[0m  [1m[31mROLLBACK[0m
  ↳ app/controllers/cats_controller.rb:20
  Rendering cats/new.html.erb within layouts/application
  Rendered cats/new.html.erb within layouts/application (0.7ms)
Completed 200 OK in 49ms (Views: 36.7ms | ActiveRecord: 0.4ms)


Started PATCH "/cats" for ::1 at 2019-07-24 18:02:50 -0500
  
ActionController::RoutingError (No route matches [PATCH] "/cats"):
  
actionpack (5.2.3) lib/action_dispatch/middleware/debug_exceptions.rb:65:in `call'
web-console (3.7.0) lib/web_console/middleware.rb:135:in `call_app'
web-console (3.7.0) lib/web_console/middleware.rb:30:in `block in call'
web-console (3.7.0) lib/web_console/middleware.rb:20:in `catch'
web-console (3.7.0) lib/web_console/middleware.rb:20:in `call'
actionpack (5.2.3) lib/action_dispatch/middleware/show_exceptions.rb:33:in `call'
railties (5.2.3) lib/rails/rack/logger.rb:38:in `call_app'
railties (5.2.3) lib/rails/rack/logger.rb:26:in `block in call'
activesupport (5.2.3) lib/active_support/tagged_logging.rb:71:in `block in tagged'
activesupport (5.2.3) lib/active_support/tagged_logging.rb:28:in `tagged'
activesupport (5.2.3) lib/active_support/tagged_logging.rb:71:in `tagged'
railties (5.2.3) lib/rails/rack/logger.rb:26:in `call'
sprockets-rails (3.2.1) lib/sprockets/rails/quiet_assets.rb:13:in `call'
actionpack (5.2.3) lib/action_dispatch/middleware/remote_ip.rb:81:in `call'
actionpack (5.2.3) lib/action_dispatch/middleware/request_id.rb:27:in `call'
rack (2.0.7) lib/rack/method_override.rb:22:in `call'
rack (2.0.7) lib/rack/runtime.rb:22:in `call'
activesupport (5.2.3) lib/active_support/cache/strategy/local_cache_middleware.rb:29:in `call'
actionpack (5.2.3) lib/action_dispatch/middleware/executor.rb:14:in `call'
actionpack (5.2.3) lib/action_dispatch/middleware/static.rb:127:in `call'
rack (2.0.7) lib/rack/sendfile.rb:111:in `call'
railties (5.2.3) lib/rails/engine.rb:524:in `call'
puma (3.12.1) lib/puma/configuration.rb:227:in `call'
puma (3.12.1) lib/puma/server.rb:660:in `handle_request'
puma (3.12.1) lib/puma/server.rb:474:in `process_client'
puma (3.12.1) lib/puma/server.rb:334:in `block in run'
puma (3.12.1) lib/puma/thread_pool.rb:135:in `block in spawn_thread'
Started PATCH "/cats" for ::1 at 2019-07-24 18:03:41 -0500
  
ActionController::RoutingError (No route matches [PATCH] "/cats"):
  
actionpack (5.2.3) lib/action_dispatch/middleware/debug_exceptions.rb:65:in `call'
web-console (3.7.0) lib/web_console/middleware.rb:135:in `call_app'
web-console (3.7.0) lib/web_console/middleware.rb:30:in `block in call'
web-console (3.7.0) lib/web_console/middleware.rb:20:in `catch'
web-console (3.7.0) lib/web_console/middleware.rb:20:in `call'
actionpack (5.2.3) lib/action_dispatch/middleware/show_exceptions.rb:33:in `call'
railties (5.2.3) lib/rails/rack/logger.rb:38:in `call_app'
railties (5.2.3) lib/rails/rack/logger.rb:26:in `block in call'
activesupport (5.2.3) lib/active_support/tagged_logging.rb:71:in `block in tagged'
activesupport (5.2.3) lib/active_support/tagged_logging.rb:28:in `tagged'
activesupport (5.2.3) lib/active_support/tagged_logging.rb:71:in `tagged'
railties (5.2.3) lib/rails/rack/logger.rb:26:in `call'
sprockets-rails (3.2.1) lib/sprockets/rails/quiet_assets.rb:13:in `call'
actionpack (5.2.3) lib/action_dispatch/middleware/remote_ip.rb:81:in `call'
actionpack (5.2.3) lib/action_dispatch/middleware/request_id.rb:27:in `call'
rack (2.0.7) lib/rack/method_override.rb:22:in `call'
rack (2.0.7) lib/rack/runtime.rb:22:in `call'
activesupport (5.2.3) lib/active_support/cache/strategy/local_cache_middleware.rb:29:in `call'
actionpack (5.2.3) lib/action_dispatch/middleware/executor.rb:14:in `call'
actionpack (5.2.3) lib/action_dispatch/middleware/static.rb:127:in `call'
rack (2.0.7) lib/rack/sendfile.rb:111:in `call'
railties (5.2.3) lib/rails/engine.rb:524:in `call'
puma (3.12.1) lib/puma/configuration.rb:227:in `call'
puma (3.12.1) lib/puma/server.rb:660:in `handle_request'
puma (3.12.1) lib/puma/server.rb:474:in `process_client'
puma (3.12.1) lib/puma/server.rb:334:in `block in run'
puma (3.12.1) lib/puma/thread_pool.rb:135:in `block in spawn_thread'
Started PATCH "/cats" for ::1 at 2019-07-24 18:04:02 -0500
  
ActionController::RoutingError (No route matches [PATCH] "/cats"):
  
actionpack (5.2.3) lib/action_dispatch/middleware/debug_exceptions.rb:65:in `call'
web-console (3.7.0) lib/web_console/middleware.rb:135:in `call_app'
web-console (3.7.0) lib/web_console/middleware.rb:30:in `block in call'
web-console (3.7.0) lib/web_console/middleware.rb:20:in `catch'
web-console (3.7.0) lib/web_console/middleware.rb:20:in `call'
actionpack (5.2.3) lib/action_dispatch/middleware/show_exceptions.rb:33:in `call'
railties (5.2.3) lib/rails/rack/logger.rb:38:in `call_app'
railties (5.2.3) lib/rails/rack/logger.rb:26:in `block in call'
activesupport (5.2.3) lib/active_support/tagged_logging.rb:71:in `block in tagged'
activesupport (5.2.3) lib/active_support/tagged_logging.rb:28:in `tagged'
activesupport (5.2.3) lib/active_support/tagged_logging.rb:71:in `tagged'
railties (5.2.3) lib/rails/rack/logger.rb:26:in `call'
sprockets-rails (3.2.1) lib/sprockets/rails/quiet_assets.rb:13:in `call'
actionpack (5.2.3) lib/action_dispatch/middleware/remote_ip.rb:81:in `call'
actionpack (5.2.3) lib/action_dispatch/middleware/request_id.rb:27:in `call'
rack (2.0.7) lib/rack/method_override.rb:22:in `call'
rack (2.0.7) lib/rack/runtime.rb:22:in `call'
activesupport (5.2.3) lib/active_support/cache/strategy/local_cache_middleware.rb:29:in `call'
actionpack (5.2.3) lib/action_dispatch/middleware/executor.rb:14:in `call'
actionpack (5.2.3) lib/action_dispatch/middleware/static.rb:127:in `call'
rack (2.0.7) lib/rack/sendfile.rb:111:in `call'
railties (5.2.3) lib/rails/engine.rb:524:in `call'
puma (3.12.1) lib/puma/configuration.rb:227:in `call'
puma (3.12.1) lib/puma/server.rb:660:in `handle_request'
puma (3.12.1) lib/puma/server.rb:474:in `process_client'
puma (3.12.1) lib/puma/server.rb:334:in `block in run'
puma (3.12.1) lib/puma/thread_pool.rb:135:in `block in spawn_thread'
Started PATCH "/cats" for ::1 at 2019-07-24 18:04:16 -0500
  
ActionController::RoutingError (No route matches [PATCH] "/cats"):
  
actionpack (5.2.3) lib/action_dispatch/middleware/debug_exceptions.rb:65:in `call'
web-console (3.7.0) lib/web_console/middleware.rb:135:in `call_app'
web-console (3.7.0) lib/web_console/middleware.rb:30:in `block in call'
web-console (3.7.0) lib/web_console/middleware.rb:20:in `catch'
web-console (3.7.0) lib/web_console/middleware.rb:20:in `call'
actionpack (5.2.3) lib/action_dispatch/middleware/show_exceptions.rb:33:in `call'
railties (5.2.3) lib/rails/rack/logger.rb:38:in `call_app'
railties (5.2.3) lib/rails/rack/logger.rb:26:in `block in call'
activesupport (5.2.3) lib/active_support/tagged_logging.rb:71:in `block in tagged'
activesupport (5.2.3) lib/active_support/tagged_logging.rb:28:in `tagged'
activesupport (5.2.3) lib/active_support/tagged_logging.rb:71:in `tagged'
railties (5.2.3) lib/rails/rack/logger.rb:26:in `call'
sprockets-rails (3.2.1) lib/sprockets/rails/quiet_assets.rb:13:in `call'
actionpack (5.2.3) lib/action_dispatch/middleware/remote_ip.rb:81:in `call'
actionpack (5.2.3) lib/action_dispatch/middleware/request_id.rb:27:in `call'
rack (2.0.7) lib/rack/method_override.rb:22:in `call'
rack (2.0.7) lib/rack/runtime.rb:22:in `call'
activesupport (5.2.3) lib/active_support/cache/strategy/local_cache_middleware.rb:29:in `call'
actionpack (5.2.3) lib/action_dispatch/middleware/executor.rb:14:in `call'
actionpack (5.2.3) lib/action_dispatch/middleware/static.rb:127:in `call'
rack (2.0.7) lib/rack/sendfile.rb:111:in `call'
railties (5.2.3) lib/rails/engine.rb:524:in `call'
puma (3.12.1) lib/puma/configuration.rb:227:in `call'
puma (3.12.1) lib/puma/server.rb:660:in `handle_request'
puma (3.12.1) lib/puma/server.rb:474:in `process_client'
puma (3.12.1) lib/puma/server.rb:334:in `block in run'
puma (3.12.1) lib/puma/thread_pool.rb:135:in `block in spawn_thread'
Started PATCH "/cats" for ::1 at 2019-07-24 18:04:44 -0500
  
ActionController::RoutingError (No route matches [PATCH] "/cats"):
  
actionpack (5.2.3) lib/action_dispatch/middleware/debug_exceptions.rb:65:in `call'
web-console (3.7.0) lib/web_console/middleware.rb:135:in `call_app'
web-console (3.7.0) lib/web_console/middleware.rb:30:in `block in call'
web-console (3.7.0) lib/web_console/middleware.rb:20:in `catch'
web-console (3.7.0) lib/web_console/middleware.rb:20:in `call'
actionpack (5.2.3) lib/action_dispatch/middleware/show_exceptions.rb:33:in `call'
railties (5.2.3) lib/rails/rack/logger.rb:38:in `call_app'
railties (5.2.3) lib/rails/rack/logger.rb:26:in `block in call'
activesupport (5.2.3) lib/active_support/tagged_logging.rb:71:in `block in tagged'
activesupport (5.2.3) lib/active_support/tagged_logging.rb:28:in `tagged'
activesupport (5.2.3) lib/active_support/tagged_logging.rb:71:in `tagged'
railties (5.2.3) lib/rails/rack/logger.rb:26:in `call'
sprockets-rails (3.2.1) lib/sprockets/rails/quiet_assets.rb:13:in `call'
actionpack (5.2.3) lib/action_dispatch/middleware/remote_ip.rb:81:in `call'
actionpack (5.2.3) lib/action_dispatch/middleware/request_id.rb:27:in `call'
rack (2.0.7) lib/rack/method_override.rb:22:in `call'
rack (2.0.7) lib/rack/runtime.rb:22:in `call'
activesupport (5.2.3) lib/active_support/cache/strategy/local_cache_middleware.rb:29:in `call'
actionpack (5.2.3) lib/action_dispatch/middleware/executor.rb:14:in `call'
actionpack (5.2.3) lib/action_dispatch/middleware/static.rb:127:in `call'
rack (2.0.7) lib/rack/sendfile.rb:111:in `call'
railties (5.2.3) lib/rails/engine.rb:524:in `call'
puma (3.12.1) lib/puma/configuration.rb:227:in `call'
puma (3.12.1) lib/puma/server.rb:660:in `handle_request'
puma (3.12.1) lib/puma/server.rb:474:in `process_client'
puma (3.12.1) lib/puma/server.rb:334:in `block in run'
puma (3.12.1) lib/puma/thread_pool.rb:135:in `block in spawn_thread'
Started PATCH "/cats" for ::1 at 2019-07-24 18:07:11 -0500
  
ActionController::RoutingError (No route matches [PATCH] "/cats"):
  
actionpack (5.2.3) lib/action_dispatch/middleware/debug_exceptions.rb:65:in `call'
web-console (3.7.0) lib/web_console/middleware.rb:135:in `call_app'
web-console (3.7.0) lib/web_console/middleware.rb:30:in `block in call'
web-console (3.7.0) lib/web_console/middleware.rb:20:in `catch'
web-console (3.7.0) lib/web_console/middleware.rb:20:in `call'
actionpack (5.2.3) lib/action_dispatch/middleware/show_exceptions.rb:33:in `call'
railties (5.2.3) lib/rails/rack/logger.rb:38:in `call_app'
railties (5.2.3) lib/rails/rack/logger.rb:26:in `block in call'
activesupport (5.2.3) lib/active_support/tagged_logging.rb:71:in `block in tagged'
activesupport (5.2.3) lib/active_support/tagged_logging.rb:28:in `tagged'
activesupport (5.2.3) lib/active_support/tagged_logging.rb:71:in `tagged'
railties (5.2.3) lib/rails/rack/logger.rb:26:in `call'
sprockets-rails (3.2.1) lib/sprockets/rails/quiet_assets.rb:13:in `call'
actionpack (5.2.3) lib/action_dispatch/middleware/remote_ip.rb:81:in `call'
actionpack (5.2.3) lib/action_dispatch/middleware/request_id.rb:27:in `call'
rack (2.0.7) lib/rack/method_override.rb:22:in `call'
rack (2.0.7) lib/rack/runtime.rb:22:in `call'
activesupport (5.2.3) lib/active_support/cache/strategy/local_cache_middleware.rb:29:in `call'
actionpack (5.2.3) lib/action_dispatch/middleware/executor.rb:14:in `call'
actionpack (5.2.3) lib/action_dispatch/middleware/static.rb:127:in `call'
rack (2.0.7) lib/rack/sendfile.rb:111:in `call'
railties (5.2.3) lib/rails/engine.rb:524:in `call'
puma (3.12.1) lib/puma/configuration.rb:227:in `call'
puma (3.12.1) lib/puma/server.rb:660:in `handle_request'
puma (3.12.1) lib/puma/server.rb:474:in `process_client'
puma (3.12.1) lib/puma/server.rb:334:in `block in run'
puma (3.12.1) lib/puma/thread_pool.rb:135:in `block in spawn_thread'
Started GET "/cats/edit" for ::1 at 2019-07-24 18:07:35 -0500
Processing by CatsController#show as */*
  Parameters: {"cat"=>{"birth_date"=>"11-21-2000", "sex"=>"F", "description"=>"\"awesome cat\"", "name"=>"\"Felicia\"", "color"=>"\"orange\""}, "id"=>"edit"}
  [1m[36mCat Load (0.4ms)[0m  [1m[34mSELECT  "cats".* FROM "cats" WHERE "cats"."id" = $1 LIMIT $2[0m  [["id", 0], ["LIMIT", 1]]
  ↳ app/controllers/cats_controller.rb:8
Completed 404 Not Found in 2ms (ActiveRecord: 0.4ms)



ActiveRecord::RecordNotFound - Couldn't find Cat with 'id'=edit:
  app/controllers/cats_controller.rb:8:in `show'

Started GET "/cats/1/edit" for ::1 at 2019-07-24 18:07:50 -0500
Processing by CatsController#edit as */*
  Parameters: {"cat"=>{"birth_date"=>"11-21-2000", "sex"=>"F", "description"=>"\"awesome cat\"", "name"=>"\"Felicia\"", "color"=>"\"orange\""}, "id"=>"1"}
  [1m[36mCat Load (0.4ms)[0m  [1m[34mSELECT  "cats".* FROM "cats" WHERE "cats"."id" = $1 LIMIT $2[0m  [["id", 1], ["LIMIT", 1]]
  ↳ app/controllers/cats_controller.rb:28
  Rendering cats/edit.html.erb within layouts/application
  Rendered cats/edit.html.erb within layouts/application (2.1ms)
Completed 500 Internal Server Error in 30ms (ActiveRecord: 0.4ms)



SyntaxError - syntax error, unexpected keyword_ensure, expecting ')'
          ensure
          ^~~~~~
/Users/commandcenter/Documents/AppAcademy/Immersive/W9D3/ninety-nine-cats/app/views/cats/edit.html.erb:55: syntax error, unexpected keyword_end, expecting ')'
          end
          ^~~:
  app/views/cats/edit.html.erb:53:in `'
  app/controllers/cats_controller.rb:29:in `edit'

Started GET "/cats" for ::1 at 2019-07-24 18:07:57 -0500
Processing by CatsController#index as */*
  Parameters: {"cat"=>{"birth_date"=>"11-21-2000", "sex"=>"F", "description"=>"\"awesome cat\"", "name"=>"\"Felicia\"", "color"=>"\"orange\""}}
  Rendering cats/index.html.erb within layouts/application
  [1m[36mCat Load (0.4ms)[0m  [1m[34mSELECT "cats".* FROM "cats"[0m
  ↳ app/views/cats/index.html.erb:5
  Rendered cats/index.html.erb within layouts/application (1.7ms)
Completed 200 OK in 37ms (Views: 35.9ms | ActiveRecord: 0.4ms)


Started GET "/cats/1/edit" for ::1 at 2019-07-24 18:09:08 -0500
Processing by CatsController#edit as */*
  Parameters: {"cat"=>{"birth_date"=>"11-21-2000", "sex"=>"F", "description"=>"\"awesome cat\"", "name"=>"\"Felicia\"", "color"=>"\"orange\""}, "id"=>"1"}
  [1m[36mCat Load (0.2ms)[0m  [1m[34mSELECT  "cats".* FROM "cats" WHERE "cats"."id" = $1 LIMIT $2[0m  [["id", 1], ["LIMIT", 1]]
  ↳ app/controllers/cats_controller.rb:28
  Rendering cats/edit.html.erb within layouts/application
  Rendered cats/edit.html.erb within layouts/application (283.5ms)
Completed 500 Internal Server Error in 312ms (ActiveRecord: 0.2ms)



NameError - undefined local variable or method `cat' for #<#<Class:0x00007fdf67b6ff00>:0x00007fdf685416a0>
Did you mean?  @cat:
  app/views/cats/edit.html.erb:2:in `_app_views_cats_edit_html_erb__4117601750730368917_70298752375840'
  app/controllers/cats_controller.rb:29:in `edit'

Started GET "/cats/1/edit" for ::1 at 2019-07-24 18:09:25 -0500
Processing by CatsController#edit as */*
  Parameters: {"cat"=>{"birth_date"=>"11-21-2000", "sex"=>"F", "description"=>"\"awesome cat\"", "name"=>"\"Felicia\"", "color"=>"\"orange\""}, "id"=>"1"}
  [1m[36mCat Load (0.3ms)[0m  [1m[34mSELECT  "cats".* FROM "cats" WHERE "cats"."id" = $1 LIMIT $2[0m  [["id", 1], ["LIMIT", 1]]
  ↳ app/controllers/cats_controller.rb:28
  Rendering cats/edit.html.erb within layouts/application
  Rendered cats/edit.html.erb within layouts/application (24.9ms)
Completed 500 Internal Server Error in 51ms (ActiveRecord: 0.3ms)



NoMethodError - undefined method `persisted?' for nil:NilClass:
  app/views/cats/edit.html.erb:2:in `_app_views_cats_edit_html_erb__4117601750730368917_70298747806880'
  app/controllers/cats_controller.rb:29:in `edit'

Started GET "/cats" for ::1 at 2019-07-24 18:12:11 -0500
Processing by CatsController#index as */*
  Parameters: {"cat"=>{"birth_date"=>"11-21-2000", "sex"=>"F", "description"=>"\"awesome cat\"", "name"=>"\"Felicia\"", "color"=>"\"orange\""}}
  Rendering cats/index.html.erb within layouts/application
  [1m[36mCat Load (0.3ms)[0m  [1m[34mSELECT "cats".* FROM "cats"[0m
  ↳ app/views/cats/index.html.erb:5
  Rendered cats/index.html.erb within layouts/application (1.4ms)
Completed 200 OK in 47ms (Views: 45.9ms | ActiveRecord: 0.3ms)


Started GET "/cats/new" for ::1 at 2019-07-24 18:12:21 -0500
Processing by CatsController#new as */*
  Parameters: {"cat"=>{"birth_date"=>"11-21-2000", "sex"=>"F", "description"=>"\"awesome cat\"", "name"=>"\"Felicia\"", "color"=>"\"orange\""}}
  Rendering cats/new.html.erb within layouts/application
  Rendered cats/_form.html.erb (0.6ms)
  Rendered cats/new.html.erb within layouts/application (23.2ms)
Completed 200 OK in 63ms (Views: 62.1ms | ActiveRecord: 0.0ms)


Started GET "/cats/new" for ::1 at 2019-07-24 18:13:32 -0500
Processing by CatsController#new as */*
  Parameters: {"cat"=>{"birth_date"=>"11-21-2000", "sex"=>"F", "description"=>"\"awesome cat\"", "name"=>"\"Felicia\"", "color"=>"\"orange\""}}
  Rendering cats/new.html.erb within layouts/application
  Rendered cats/_form.html.erb (0.8ms)
  Rendered cats/new.html.erb within layouts/application (22.0ms)
Completed 200 OK in 61ms (Views: 60.3ms | ActiveRecord: 0.0ms)


Started GET "/cats/new" for ::1 at 2019-07-24 18:14:22 -0500
Processing by CatsController#new as */*
  Parameters: {"cat"=>{"birth_date"=>"11-21-2000", "sex"=>"F", "description"=>"\"awesome cat\"", "name"=>"\"Felicia\"", "color"=>"\"orange\""}}
  Rendering cats/new.html.erb within layouts/application
  Rendered cats/_form.html.erb (0.6ms)
  Rendered cats/new.html.erb within layouts/application (21.5ms)
Completed 200 OK in 73ms (Views: 72.1ms | ActiveRecord: 0.0ms)


Started GET "/cats/new" for ::1 at 2019-07-24 18:18:18 -0500
Processing by CatsController#new as */*
  Parameters: {"cat"=>{"birth_date"=>"11-21-2000", "sex"=>"F", "description"=>"\"awesome cat\"", "name"=>"\"Felicia\"", "color"=>"\"orange\""}}
  Rendering cats/new.html.erb within layouts/application
  Rendered cats/_form.html.erb (1.2ms)
  Rendered cats/new.html.erb within layouts/application (26.7ms)
Completed 200 OK in 85ms (Views: 84.2ms | ActiveRecord: 0.0ms)


Started POST "/cats/new" for ::1 at 2019-07-24 18:19:39 -0500
  
ActionController::RoutingError (No route matches [POST] "/cats/new"):
  
actionpack (5.2.3) lib/action_dispatch/middleware/debug_exceptions.rb:65:in `call'
web-console (3.7.0) lib/web_console/middleware.rb:135:in `call_app'
web-console (3.7.0) lib/web_console/middleware.rb:30:in `block in call'
web-console (3.7.0) lib/web_console/middleware.rb:20:in `catch'
web-console (3.7.0) lib/web_console/middleware.rb:20:in `call'
actionpack (5.2.3) lib/action_dispatch/middleware/show_exceptions.rb:33:in `call'
railties (5.2.3) lib/rails/rack/logger.rb:38:in `call_app'
railties (5.2.3) lib/rails/rack/logger.rb:26:in `block in call'
activesupport (5.2.3) lib/active_support/tagged_logging.rb:71:in `block in tagged'
activesupport (5.2.3) lib/active_support/tagged_logging.rb:28:in `tagged'
activesupport (5.2.3) lib/active_support/tagged_logging.rb:71:in `tagged'
railties (5.2.3) lib/rails/rack/logger.rb:26:in `call'
sprockets-rails (3.2.1) lib/sprockets/rails/quiet_assets.rb:13:in `call'
actionpack (5.2.3) lib/action_dispatch/middleware/remote_ip.rb:81:in `call'
actionpack (5.2.3) lib/action_dispatch/middleware/request_id.rb:27:in `call'
rack (2.0.7) lib/rack/method_override.rb:22:in `call'
rack (2.0.7) lib/rack/runtime.rb:22:in `call'
activesupport (5.2.3) lib/active_support/cache/strategy/local_cache_middleware.rb:29:in `call'
actionpack (5.2.3) lib/action_dispatch/middleware/executor.rb:14:in `call'
actionpack (5.2.3) lib/action_dispatch/middleware/static.rb:127:in `call'
rack (2.0.7) lib/rack/sendfile.rb:111:in `call'
railties (5.2.3) lib/rails/engine.rb:524:in `call'
puma (3.12.1) lib/puma/configuration.rb:227:in `call'
puma (3.12.1) lib/puma/server.rb:660:in `handle_request'
puma (3.12.1) lib/puma/server.rb:474:in `process_client'
puma (3.12.1) lib/puma/server.rb:334:in `block in run'
puma (3.12.1) lib/puma/thread_pool.rb:135:in `block in spawn_thread'
Started POST "/cats/new" for ::1 at 2019-07-24 18:22:11 -0500
  
ActionController::RoutingError (No route matches [POST] "/cats/new"):
  
actionpack (5.2.3) lib/action_dispatch/middleware/debug_exceptions.rb:65:in `call'
web-console (3.7.0) lib/web_console/middleware.rb:135:in `call_app'
web-console (3.7.0) lib/web_console/middleware.rb:30:in `block in call'
web-console (3.7.0) lib/web_console/middleware.rb:20:in `catch'
web-console (3.7.0) lib/web_console/middleware.rb:20:in `call'
actionpack (5.2.3) lib/action_dispatch/middleware/show_exceptions.rb:33:in `call'
railties (5.2.3) lib/rails/rack/logger.rb:38:in `call_app'
railties (5.2.3) lib/rails/rack/logger.rb:26:in `block in call'
activesupport (5.2.3) lib/active_support/tagged_logging.rb:71:in `block in tagged'
activesupport (5.2.3) lib/active_support/tagged_logging.rb:28:in `tagged'
activesupport (5.2.3) lib/active_support/tagged_logging.rb:71:in `tagged'
railties (5.2.3) lib/rails/rack/logger.rb:26:in `call'
sprockets-rails (3.2.1) lib/sprockets/rails/quiet_assets.rb:13:in `call'
actionpack (5.2.3) lib/action_dispatch/middleware/remote_ip.rb:81:in `call'
actionpack (5.2.3) lib/action_dispatch/middleware/request_id.rb:27:in `call'
rack (2.0.7) lib/rack/method_override.rb:22:in `call'
rack (2.0.7) lib/rack/runtime.rb:22:in `call'
activesupport (5.2.3) lib/active_support/cache/strategy/local_cache_middleware.rb:29:in `call'
actionpack (5.2.3) lib/action_dispatch/middleware/executor.rb:14:in `call'
actionpack (5.2.3) lib/action_dispatch/middleware/static.rb:127:in `call'
rack (2.0.7) lib/rack/sendfile.rb:111:in `call'
railties (5.2.3) lib/rails/engine.rb:524:in `call'
puma (3.12.1) lib/puma/configuration.rb:227:in `call'
puma (3.12.1) lib/puma/server.rb:660:in `handle_request'
puma (3.12.1) lib/puma/server.rb:474:in `process_client'
puma (3.12.1) lib/puma/server.rb:334:in `block in run'
puma (3.12.1) lib/puma/thread_pool.rb:135:in `block in spawn_thread'
Started POST "/cats/edit" for ::1 at 2019-07-24 18:22:29 -0500
  
ActionController::RoutingError (No route matches [POST] "/cats/edit"):
  
actionpack (5.2.3) lib/action_dispatch/middleware/debug_exceptions.rb:65:in `call'
web-console (3.7.0) lib/web_console/middleware.rb:135:in `call_app'
web-console (3.7.0) lib/web_console/middleware.rb:30:in `block in call'
web-console (3.7.0) lib/web_console/middleware.rb:20:in `catch'
web-console (3.7.0) lib/web_console/middleware.rb:20:in `call'
actionpack (5.2.3) lib/action_dispatch/middleware/show_exceptions.rb:33:in `call'
railties (5.2.3) lib/rails/rack/logger.rb:38:in `call_app'
railties (5.2.3) lib/rails/rack/logger.rb:26:in `block in call'
activesupport (5.2.3) lib/active_support/tagged_logging.rb:71:in `block in tagged'
activesupport (5.2.3) lib/active_support/tagged_logging.rb:28:in `tagged'
activesupport (5.2.3) lib/active_support/tagged_logging.rb:71:in `tagged'
railties (5.2.3) lib/rails/rack/logger.rb:26:in `call'
sprockets-rails (3.2.1) lib/sprockets/rails/quiet_assets.rb:13:in `call'
actionpack (5.2.3) lib/action_dispatch/middleware/remote_ip.rb:81:in `call'
actionpack (5.2.3) lib/action_dispatch/middleware/request_id.rb:27:in `call'
rack (2.0.7) lib/rack/method_override.rb:22:in `call'
rack (2.0.7) lib/rack/runtime.rb:22:in `call'
activesupport (5.2.3) lib/active_support/cache/strategy/local_cache_middleware.rb:29:in `call'
actionpack (5.2.3) lib/action_dispatch/middleware/executor.rb:14:in `call'
actionpack (5.2.3) lib/action_dispatch/middleware/static.rb:127:in `call'
rack (2.0.7) lib/rack/sendfile.rb:111:in `call'
railties (5.2.3) lib/rails/engine.rb:524:in `call'
puma (3.12.1) lib/puma/configuration.rb:227:in `call'
puma (3.12.1) lib/puma/server.rb:660:in `handle_request'
puma (3.12.1) lib/puma/server.rb:474:in `process_client'
puma (3.12.1) lib/puma/server.rb:334:in `block in run'
puma (3.12.1) lib/puma/thread_pool.rb:135:in `block in spawn_thread'
Started POST "/cats/edit" for ::1 at 2019-07-24 18:22:30 -0500
  
ActionController::RoutingError (No route matches [POST] "/cats/edit"):
  
actionpack (5.2.3) lib/action_dispatch/middleware/debug_exceptions.rb:65:in `call'
web-console (3.7.0) lib/web_console/middleware.rb:135:in `call_app'
web-console (3.7.0) lib/web_console/middleware.rb:30:in `block in call'
web-console (3.7.0) lib/web_console/middleware.rb:20:in `catch'
web-console (3.7.0) lib/web_console/middleware.rb:20:in `call'
actionpack (5.2.3) lib/action_dispatch/middleware/show_exceptions.rb:33:in `call'
railties (5.2.3) lib/rails/rack/logger.rb:38:in `call_app'
railties (5.2.3) lib/rails/rack/logger.rb:26:in `block in call'
activesupport (5.2.3) lib/active_support/tagged_logging.rb:71:in `block in tagged'
activesupport (5.2.3) lib/active_support/tagged_logging.rb:28:in `tagged'
activesupport (5.2.3) lib/active_support/tagged_logging.rb:71:in `tagged'
railties (5.2.3) lib/rails/rack/logger.rb:26:in `call'
sprockets-rails (3.2.1) lib/sprockets/rails/quiet_assets.rb:13:in `call'
actionpack (5.2.3) lib/action_dispatch/middleware/remote_ip.rb:81:in `call'
actionpack (5.2.3) lib/action_dispatch/middleware/request_id.rb:27:in `call'
rack (2.0.7) lib/rack/method_override.rb:22:in `call'
rack (2.0.7) lib/rack/runtime.rb:22:in `call'
activesupport (5.2.3) lib/active_support/cache/strategy/local_cache_middleware.rb:29:in `call'
actionpack (5.2.3) lib/action_dispatch/middleware/executor.rb:14:in `call'
actionpack (5.2.3) lib/action_dispatch/middleware/static.rb:127:in `call'
rack (2.0.7) lib/rack/sendfile.rb:111:in `call'
railties (5.2.3) lib/rails/engine.rb:524:in `call'
puma (3.12.1) lib/puma/configuration.rb:227:in `call'
puma (3.12.1) lib/puma/server.rb:660:in `handle_request'
puma (3.12.1) lib/puma/server.rb:474:in `process_client'
puma (3.12.1) lib/puma/server.rb:334:in `block in run'
puma (3.12.1) lib/puma/thread_pool.rb:135:in `block in spawn_thread'
Started POST "/cats/1/edit" for ::1 at 2019-07-24 18:22:37 -0500
  
ActionController::RoutingError (No route matches [POST] "/cats/1/edit"):
  
actionpack (5.2.3) lib/action_dispatch/middleware/debug_exceptions.rb:65:in `call'
web-console (3.7.0) lib/web_console/middleware.rb:135:in `call_app'
web-console (3.7.0) lib/web_console/middleware.rb:30:in `block in call'
web-console (3.7.0) lib/web_console/middleware.rb:20:in `catch'
web-console (3.7.0) lib/web_console/middleware.rb:20:in `call'
actionpack (5.2.3) lib/action_dispatch/middleware/show_exceptions.rb:33:in `call'
railties (5.2.3) lib/rails/rack/logger.rb:38:in `call_app'
railties (5.2.3) lib/rails/rack/logger.rb:26:in `block in call'
activesupport (5.2.3) lib/active_support/tagged_logging.rb:71:in `block in tagged'
activesupport (5.2.3) lib/active_support/tagged_logging.rb:28:in `tagged'
activesupport (5.2.3) lib/active_support/tagged_logging.rb:71:in `tagged'
railties (5.2.3) lib/rails/rack/logger.rb:26:in `call'
sprockets-rails (3.2.1) lib/sprockets/rails/quiet_assets.rb:13:in `call'
actionpack (5.2.3) lib/action_dispatch/middleware/remote_ip.rb:81:in `call'
actionpack (5.2.3) lib/action_dispatch/middleware/request_id.rb:27:in `call'
rack (2.0.7) lib/rack/method_override.rb:22:in `call'
rack (2.0.7) lib/rack/runtime.rb:22:in `call'
activesupport (5.2.3) lib/active_support/cache/strategy/local_cache_middleware.rb:29:in `call'
actionpack (5.2.3) lib/action_dispatch/middleware/executor.rb:14:in `call'
actionpack (5.2.3) lib/action_dispatch/middleware/static.rb:127:in `call'
rack (2.0.7) lib/rack/sendfile.rb:111:in `call'
railties (5.2.3) lib/rails/engine.rb:524:in `call'
puma (3.12.1) lib/puma/configuration.rb:227:in `call'
puma (3.12.1) lib/puma/server.rb:660:in `handle_request'
puma (3.12.1) lib/puma/server.rb:474:in `process_client'
puma (3.12.1) lib/puma/server.rb:334:in `block in run'
puma (3.12.1) lib/puma/thread_pool.rb:135:in `block in spawn_thread'
Started POST "/cats/1/edit" for ::1 at 2019-07-24 18:24:40 -0500
  [1m[35m (0.8ms)[0m  [1m[34mSELECT "schema_migrations"."version" FROM "schema_migrations" ORDER BY "schema_migrations"."version" ASC[0m
  ↳ /Users/commandcenter/.rbenv/versions/2.5.1/lib/ruby/gems/2.5.0/gems/activerecord-5.2.3/lib/active_record/log_subscriber.rb:98
  
ActionController::RoutingError (No route matches [POST] "/cats/1/edit"):
  
actionpack (5.2.3) lib/action_dispatch/middleware/debug_exceptions.rb:65:in `call'
web-console (3.7.0) lib/web_console/middleware.rb:135:in `call_app'
web-console (3.7.0) lib/web_console/middleware.rb:30:in `block in call'
web-console (3.7.0) lib/web_console/middleware.rb:20:in `catch'
web-console (3.7.0) lib/web_console/middleware.rb:20:in `call'
actionpack (5.2.3) lib/action_dispatch/middleware/show_exceptions.rb:33:in `call'
railties (5.2.3) lib/rails/rack/logger.rb:38:in `call_app'
railties (5.2.3) lib/rails/rack/logger.rb:26:in `block in call'
activesupport (5.2.3) lib/active_support/tagged_logging.rb:71:in `block in tagged'
activesupport (5.2.3) lib/active_support/tagged_logging.rb:28:in `tagged'
activesupport (5.2.3) lib/active_support/tagged_logging.rb:71:in `tagged'
railties (5.2.3) lib/rails/rack/logger.rb:26:in `call'
sprockets-rails (3.2.1) lib/sprockets/rails/quiet_assets.rb:13:in `call'
actionpack (5.2.3) lib/action_dispatch/middleware/remote_ip.rb:81:in `call'
actionpack (5.2.3) lib/action_dispatch/middleware/request_id.rb:27:in `call'
rack (2.0.7) lib/rack/method_override.rb:22:in `call'
rack (2.0.7) lib/rack/runtime.rb:22:in `call'
activesupport (5.2.3) lib/active_support/cache/strategy/local_cache_middleware.rb:29:in `call'
actionpack (5.2.3) lib/action_dispatch/middleware/executor.rb:14:in `call'
actionpack (5.2.3) lib/action_dispatch/middleware/static.rb:127:in `call'
rack (2.0.7) lib/rack/sendfile.rb:111:in `call'
railties (5.2.3) lib/rails/engine.rb:524:in `call'
puma (3.12.1) lib/puma/configuration.rb:227:in `call'
puma (3.12.1) lib/puma/server.rb:660:in `handle_request'
puma (3.12.1) lib/puma/server.rb:474:in `process_client'
puma (3.12.1) lib/puma/server.rb:334:in `block in run'
puma (3.12.1) lib/puma/thread_pool.rb:135:in `block in spawn_thread'
Started GET "/cats/new" for ::1 at 2019-07-24 18:25:38 -0500
Processing by CatsController#new as HTML
  Rendering cats/new.html.erb within layouts/application
  Rendered cats/_form.html.erb (0.7ms)
  Rendered cats/new.html.erb within layouts/application (3.0ms)
Completed 200 OK in 181ms (Views: 159.3ms | ActiveRecord: 8.6ms)


Started POST "/cats" for ::1 at 2019-07-24 18:25:59 -0500
Processing by CatsController#create as HTML
  Parameters: {"cat"=>{"name"=>"Felisha", "color"=>"grey", "birth_date"=>"2019-07-03", "sex"=>"on", "description"=>"asdfdsafdsaf"}}
  [1m[35m (0.2ms)[0m  [1m[35mBEGIN[0m
  ↳ app/controllers/cats_controller.rb:20
  [1m[35m (0.2ms)[0m  [1m[31mROLLBACK[0m
  ↳ app/controllers/cats_controller.rb:20
  Rendering cats/new.html.erb within layouts/application
  Rendered cats/_form.html.erb (2.0ms)
  Rendered cats/new.html.erb within layouts/application (4.6ms)
Completed 200 OK in 28ms (Views: 21.0ms | ActiveRecord: 0.4ms)


Started POST "/cats" for ::1 at 2019-07-24 19:03:30 -0500
Processing by CatsController#create as */*
  Parameters: {"cat"=>{"birth_date"=>"11-21-2000", "sex"=>"F", "description"=>"\"awesome cat\"", "name"=>"\"Felicia\"", "color"=>"\"orange\""}}
  [1m[35m (0.1ms)[0m  [1m[35mBEGIN[0m
  ↳ app/controllers/cats_controller.rb:21
  [1m[35m (0.2ms)[0m  [1m[31mROLLBACK[0m
  ↳ app/controllers/cats_controller.rb:21
  Rendering cats/new.html.erb within layouts/application
  Rendered cats/_form.html.erb (0.6ms)
  Rendered cats/new.html.erb within layouts/application (19.4ms)
Completed 200 OK in 83ms (Views: 59.8ms | ActiveRecord: 8.4ms)


Started POST "/cats" for ::1 at 2019-07-24 19:03:57 -0500
Processing by CatsController#create as */*
  Parameters: {"cat"=>{"birth_date"=>"11-21-2000", "sex"=>"F", "description"=>"\"awesome cat\"", "name"=>"\"Felicia\"", "color"=>"\"orange\""}}
  [1m[35m (0.2ms)[0m  [1m[35mBEGIN[0m
  ↳ app/controllers/cats_controller.rb:21
  [1m[35m (0.2ms)[0m  [1m[31mROLLBACK[0m
  ↳ app/controllers/cats_controller.rb:21
  Rendering cats/new.html.erb within layouts/application
  Rendered cats/_form.html.erb (0.6ms)
  Rendered cats/new.html.erb within layouts/application (21.2ms)
Completed 200 OK in 60ms (Views: 55.0ms | ActiveRecord: 0.4ms)


Started POST "/cats" for ::1 at 2019-07-24 19:03:59 -0500
Processing by CatsController#create as */*
  Parameters: {"cat"=>{"birth_date"=>"11-21-2000", "sex"=>"F", "description"=>"\"awesome cat\"", "name"=>"\"Felicia\"", "color"=>"\"orange\""}}
  [1m[35m (0.2ms)[0m  [1m[35mBEGIN[0m
  ↳ app/controllers/cats_controller.rb:21
  [1m[35m (0.1ms)[0m  [1m[31mROLLBACK[0m
  ↳ app/controllers/cats_controller.rb:21
  Rendering cats/new.html.erb within layouts/application
  Rendered cats/_form.html.erb (0.7ms)
  Rendered cats/new.html.erb within layouts/application (22.1ms)
Completed 200 OK in 66ms (Views: 60.9ms | ActiveRecord: 0.4ms)


